2021-08-13 09:15:45.633  INFO 2078 --- [main] com.stylefeng.guns.GunsApplication       : Starting GunsApplication on IT-MacBook-6921.local with PID 2078 (/Users/p6317/Documents/project/java/payment/api/src/payment-admin/target/classes started by p6317 in /Users/p6317/Documents/project/java/payment/api)
2021-08-13 09:15:45.638  INFO 2078 --- [main] com.stylefeng.guns.GunsApplication       : The following profiles are active: uat
2021-08-13 09:15:45.718  INFO 2078 --- [main] .e.DevToolsPropertyDefaultsPostProcessor : For additional web related logging consider setting the 'logging.level.web' property to 'DEBUG'
2021-08-13 09:15:47.781  INFO 2078 --- [main] trationDelegate$BeanPostProcessorChecker : Bean 'gunsProperties' of type [com.stylefeng.guns.config.properties.GunsProperties] is not eligible for getting processed by all BeanPostProcessors (for example: not eligible for auto-proxying)
2021-08-13 09:15:47.784  INFO 2078 --- [main] trationDelegate$BeanPostProcessorChecker : Bean 'restConfig' of type [com.stylefeng.guns.config.RestConfig$$EnhancerBySpringCGLIB$$954df947] is not eligible for getting processed by all BeanPostProcessors (for example: not eligible for auto-proxying)
2021-08-13 09:15:47.887  INFO 2078 --- [main] trationDelegate$BeanPostProcessorChecker : Bean 'restTemplateBuilder' of type [org.springframework.boot.web.client.RestTemplateBuilder] is not eligible for getting processed by all BeanPostProcessors (for example: not eligible for auto-proxying)
2021-08-13 09:15:48.164  INFO 2078 --- [main] trationDelegate$BeanPostProcessorChecker : Bean 'clientHttpRequestFactory' of type [org.springframework.http.client.HttpComponentsClientHttpRequestFactory] is not eligible for getting processed by all BeanPostProcessors (for example: not eligible for auto-proxying)
2021-08-13 09:15:48.166  INFO 2078 --- [main] trationDelegate$BeanPostProcessorChecker : Bean 'restTemplate' of type [com.stylefeng.guns.modular.payment.common.utils.RestTempleteAware] is not eligible for getting processed by all BeanPostProcessors (for example: not eligible for auto-proxying)
2021-08-13 09:15:48.169  INFO 2078 --- [main] trationDelegate$BeanPostProcessorChecker : Bean 'defaultClientCache' of type [com.stylefeng.guns.modular.sso.service.DefaultClientCache] is not eligible for getting processed by all BeanPostProcessors (for example: not eligible for auto-proxying)
2021-08-13 09:15:48.171  INFO 2078 --- [main] trationDelegate$BeanPostProcessorChecker : Bean 'com.stylefeng.sso.plugin.config.SsoAutoConfiguration' of type [com.stylefeng.sso.plugin.config.SsoAutoConfiguration$$EnhancerBySpringCGLIB$$c9b3c468] is not eligible for getting processed by all BeanPostProcessors (for example: not eligible for auto-proxying)
2021-08-13 09:15:48.174  INFO 2078 --- [main] trationDelegate$BeanPostProcessorChecker : Bean 'springContextHolder' of type [com.stylefeng.sso.plugin.util.SsoSpringContextHolder] is not eligible for getting processed by all BeanPostProcessors (for example: not eligible for auto-proxying)
2021-08-13 09:15:48.279  INFO 2078 --- [main] trationDelegate$BeanPostProcessorChecker : Bean 'mybatis-plus-com.baomidou.mybatisplus.spring.boot.starter.MybatisPlusProperties' of type [com.baomidou.mybatisplus.spring.boot.starter.MybatisPlusProperties] is not eligible for getting processed by all BeanPostProcessors (for example: not eligible for auto-proxying)
2021-08-13 09:15:48.285  INFO 2078 --- [main] trationDelegate$BeanPostProcessorChecker : Bean 'singleDataSourceConfig' of type [com.stylefeng.guns.config.datasource.SingleDataSourceConfig$$EnhancerBySpringCGLIB$$541f7023] is not eligible for getting processed by all BeanPostProcessors (for example: not eligible for auto-proxying)
2021-08-13 09:15:48.292  INFO 2078 --- [main] trationDelegate$BeanPostProcessorChecker : Bean 'paginationInterceptor' of type [com.baomidou.mybatisplus.plugins.PaginationInterceptor] is not eligible for getting processed by all BeanPostProcessors (for example: not eligible for auto-proxying)
2021-08-13 09:15:48.294  INFO 2078 --- [main] trationDelegate$BeanPostProcessorChecker : Bean 'dataScopeInterceptor' of type [com.stylefeng.guns.core.datascope.DataScopeInterceptor] is not eligible for getting processed by all BeanPostProcessors (for example: not eligible for auto-proxying)
2021-08-13 09:15:48.296  INFO 2078 --- [main] trationDelegate$BeanPostProcessorChecker : Bean 'optimisticLockerInterceptor' of type [com.baomidou.mybatisplus.plugins.OptimisticLockerInterceptor] is not eligible for getting processed by all BeanPostProcessors (for example: not eligible for auto-proxying)
2021-08-13 09:15:48.303  INFO 2078 --- [main] trationDelegate$BeanPostProcessorChecker : Bean 'com.baomidou.mybatisplus.spring.boot.starter.MybatisPlusAutoConfiguration' of type [com.baomidou.mybatisplus.spring.boot.starter.MybatisPlusAutoConfiguration$$EnhancerBySpringCGLIB$$71292b26] is not eligible for getting processed by all BeanPostProcessors (for example: not eligible for auto-proxying)
2021-08-13 09:15:48.308  INFO 2078 --- [main] trationDelegate$BeanPostProcessorChecker : Bean 'com.stylefeng.guns.core.config.DefaultProperties' of type [com.stylefeng.guns.core.config.DefaultProperties$$EnhancerBySpringCGLIB$$82bce7dc] is not eligible for getting processed by all BeanPostProcessors (for example: not eligible for auto-proxying)
2021-08-13 09:15:48.315  INFO 2078 --- [main] trationDelegate$BeanPostProcessorChecker : Bean 'druidProperties' of type [com.stylefeng.guns.core.config.properties.DruidProperties] is not eligible for getting processed by all BeanPostProcessors (for example: not eligible for auto-proxying)
2021-08-13 09:15:48.384  INFO 2078 --- [main] trationDelegate$BeanPostProcessorChecker : Bean 'dataSource' of type [com.alibaba.druid.pool.DruidDataSource] is not eligible for getting processed by all BeanPostProcessors (for example: not eligible for auto-proxying)
2021-08-13 09:15:53.421  INFO 2078 --- [main] com.alibaba.druid.pool.DruidDataSource   : {dataSource-1} inited
2021-08-13 09:15:54.418  WARN 2078 --- [main] c.b.mybatisplus.mapper.AutoSqlInjector   : class com.stylefeng.guns.modular.payment.pojo.po.PaymentMerchantMethodDO ,Not found @TableId annotation, Cannot use Mybatis-Plus 'xxById' Method.
2021-08-13 09:15:54.439  WARN 2078 --- [main] c.b.mybatisplus.mapper.AutoSqlInjector   : class com.stylefeng.guns.modular.payment.pojo.po.PaymentMethodDO ,Not found @TableId annotation, Cannot use Mybatis-Plus 'xxById' Method.
2021-08-13 09:15:54.538  WARN 2078 --- [main] c.b.mybatisplus.mapper.AutoSqlInjector   : class com.stylefeng.guns.modular.payment.pojo.po.PaymentVendorDO ,Not found @TableId annotation, Cannot use Mybatis-Plus 'xxById' Method.
2021-08-13 09:15:54.603  INFO 2078 --- [main] trationDelegate$BeanPostProcessorChecker : Bean 'sqlSessionFactory' of type [org.apache.ibatis.session.defaults.DefaultSqlSessionFactory] is not eligible for getting processed by all BeanPostProcessors (for example: not eligible for auto-proxying)
2021-08-13 09:15:54.608  INFO 2078 --- [main] trationDelegate$BeanPostProcessorChecker : Bean 'sqlSessionTemplate' of type [org.mybatis.spring.SqlSessionTemplate] is not eligible for getting processed by all BeanPostProcessors (for example: not eligible for auto-proxying)
2021-08-13 09:15:54.609  INFO 2078 --- [main] trationDelegate$BeanPostProcessorChecker : Bean 'userMapper' of type [org.mybatis.spring.mapper.MapperFactoryBean] is not eligible for getting processed by all BeanPostProcessors (for example: not eligible for auto-proxying)
2021-08-13 09:15:54.612  INFO 2078 --- [main] trationDelegate$BeanPostProcessorChecker : Bean 'userMapper' of type [com.sun.proxy.$Proxy103] is not eligible for getting processed by all BeanPostProcessors (for example: not eligible for auto-proxying)
2021-08-13 09:15:54.616  INFO 2078 --- [main] trationDelegate$BeanPostProcessorChecker : Bean 'menuMapper' of type [org.mybatis.spring.mapper.MapperFactoryBean] is not eligible for getting processed by all BeanPostProcessors (for example: not eligible for auto-proxying)
2021-08-13 09:15:54.619  INFO 2078 --- [main] trationDelegate$BeanPostProcessorChecker : Bean 'menuMapper' of type [com.sun.proxy.$Proxy104] is not eligible for getting processed by all BeanPostProcessors (for example: not eligible for auto-proxying)
2021-08-13 09:15:54.623  INFO 2078 --- [main] trationDelegate$BeanPostProcessorChecker : Bean 'authApiFactory' of type [com.stylefeng.guns.core.shiro.factory.AuthApiFactory] is not eligible for getting processed by all BeanPostProcessors (for example: not eligible for auto-proxying)
2021-08-13 09:15:54.624  INFO 2078 --- [main] trationDelegate$BeanPostProcessorChecker : Bean 'webConfig' of type [com.stylefeng.guns.config.web.WebConfig$$EnhancerBySpringCGLIB$$cfc29647] is not eligible for getting processed by all BeanPostProcessors (for example: not eligible for auto-proxying)
2021-08-13 09:15:54.712  INFO 2078 --- [main] trationDelegate$BeanPostProcessorChecker : Bean 'druidStatPointcut' of type [org.springframework.aop.support.JdkRegexpMethodPointcut] is not eligible for getting processed by all BeanPostProcessors (for example: not eligible for auto-proxying)
2021-08-13 09:15:54.721  INFO 2078 --- [main] trationDelegate$BeanPostProcessorChecker : Bean 'druidStatInterceptor' of type [com.alibaba.druid.support.spring.stat.DruidStatInterceptor] is not eligible for getting processed by all BeanPostProcessors (for example: not eligible for auto-proxying)
2021-08-13 09:15:54.722  INFO 2078 --- [main] trationDelegate$BeanPostProcessorChecker : Bean 'druidStatAdvisor' of type [org.springframework.aop.support.DefaultPointcutAdvisor] is not eligible for getting processed by all BeanPostProcessors (for example: not eligible for auto-proxying)
2021-08-13 09:15:54.746  INFO 2078 --- [main] trationDelegate$BeanPostProcessorChecker : Bean 'org.springframework.retry.annotation.RetryConfiguration' of type [org.springframework.retry.annotation.RetryConfiguration$$EnhancerBySpringCGLIB$$194d24ee] is not eligible for getting processed by all BeanPostProcessors (for example: not eligible for auto-proxying)
2021-08-13 09:15:54.842  INFO 2078 --- [main] trationDelegate$BeanPostProcessorChecker : Bean 'org.springframework.transaction.annotation.ProxyTransactionManagementConfiguration' of type [org.springframework.transaction.annotation.ProxyTransactionManagementConfiguration$$EnhancerBySpringCGLIB$$23898cc9] is not eligible for getting processed by all BeanPostProcessors (for example: not eligible for auto-proxying)
2021-08-13 09:15:55.475  INFO 2078 --- [main] o.s.b.w.embedded.tomcat.TomcatWebServer  : Tomcat initialized with port(s): 8082 (http)
2021-08-13 09:15:55.504  INFO 2078 --- [main] o.apache.catalina.core.StandardService   : Starting service [Tomcat]
2021-08-13 09:15:55.505  INFO 2078 --- [main] org.apache.catalina.core.StandardEngine  : Starting Servlet engine: [Apache Tomcat/9.0.21]
2021-08-13 09:15:55.638  INFO 2078 --- [main] o.a.c.c.C.[Tomcat].[localhost].[/]       : Initializing Spring embedded WebApplicationContext
2021-08-13 09:15:55.638  INFO 2078 --- [main] o.s.web.context.ContextLoader            : Root WebApplicationContext: initialization completed in 9920 ms
2021-08-13 09:15:57.854  INFO 2078 --- [main] o.s.c.ehcache.EhCacheManagerFactoryBean  : Initializing EhCache CacheManager
2021-08-13 09:15:58.089  INFO 2078 --- [main] pertySourcedRequestMappingHandlerMapping : Mapped URL path [/v2/api-docs] onto method [public org.springframework.http.ResponseEntity<springfox.documentation.spring.web.json.Json> springfox.documentation.swagger2.web.Swagger2Controller.getDocumentation(java.lang.String,javax.servlet.http.HttpServletRequest)]
2021-08-13 09:15:58.356  INFO 2078 --- [main] o.s.s.concurrent.ThreadPoolTaskExecutor  : Initializing ExecutorService 'applicationTaskExecutor'
2021-08-13 09:15:58.793  INFO 2078 --- [main] org.quartz.impl.StdSchedulerFactory      : Using default implementation for ThreadExecutor
2021-08-13 09:15:58.815  INFO 2078 --- [main] org.quartz.core.SchedulerSignalerImpl    : Initialized Scheduler Signaller of type: class org.quartz.core.SchedulerSignalerImpl
2021-08-13 09:15:58.816  INFO 2078 --- [main] org.quartz.core.QuartzScheduler          : Quartz Scheduler v.2.3.1 created.
2021-08-13 09:15:58.817  INFO 2078 --- [main] org.quartz.simpl.RAMJobStore             : RAMJobStore initialized.
2021-08-13 09:15:58.819  INFO 2078 --- [main] org.quartz.core.QuartzScheduler          : Scheduler meta-data: Quartz Scheduler (v2.3.1) 'quartzScheduler' with instanceId 'NON_CLUSTERED'
  Scheduler class: 'org.quartz.core.QuartzScheduler' - running locally.
  NOT STARTED.
  Currently in standby mode.
  Number of jobs executed: 0
  Using thread pool 'org.quartz.simpl.SimpleThreadPool' - with 10 threads.
  Using job-store 'org.quartz.simpl.RAMJobStore' - which does not support persistence. and is not clustered.

2021-08-13 09:15:58.819  INFO 2078 --- [main] org.quartz.impl.StdSchedulerFactory      : Quartz scheduler 'quartzScheduler' initialized from an externally provided properties instance.
2021-08-13 09:15:58.819  INFO 2078 --- [main] org.quartz.impl.StdSchedulerFactory      : Quartz scheduler version: 2.3.1
2021-08-13 09:15:58.819  INFO 2078 --- [main] org.quartz.core.QuartzScheduler          : JobFactory set to: org.springframework.scheduling.quartz.SpringBeanJobFactory@1b37ddfb
2021-08-13 09:15:58.838  INFO 2078 --- [main] o.s.s.c.ThreadPoolTaskScheduler          : Initializing ExecutorService 'taskScheduler'
2021-08-13 09:15:58.926  INFO 2078 --- [main] d.s.w.p.DocumentationPluginsBootstrapper : Context refreshed
2021-08-13 09:15:58.954  INFO 2078 --- [main] d.s.w.p.DocumentationPluginsBootstrapper : Found 1 custom documentation plugin(s)
2021-08-13 09:15:59.010  INFO 2078 --- [main] s.d.s.w.s.ApiListingReferenceScanner     : Scanning for api listing references
2021-08-13 09:15:59.122  INFO 2078 --- [main] o.s.s.quartz.SchedulerFactoryBean        : Starting Quartz Scheduler now
2021-08-13 09:15:59.122  INFO 2078 --- [main] org.quartz.core.QuartzScheduler          : Scheduler quartzScheduler_$_NON_CLUSTERED started.
2021-08-13 09:15:59.162  INFO 2078 --- [main] o.s.b.w.embedded.tomcat.TomcatWebServer  : Tomcat started on port(s): 8082 (http) with context path ''
2021-08-13 09:15:59.166  INFO 2078 --- [main] com.stylefeng.guns.GunsApplication       : Started GunsApplication in 14.561 seconds (JVM running for 23.835)
2021-08-13 09:16:24.854  INFO 2078 --- [http-nio-8082-exec-1] o.a.c.c.C.[Tomcat].[localhost].[/]       : Initializing Spring DispatcherServlet 'dispatcherServlet'
2021-08-13 09:16:24.856  INFO 2078 --- [http-nio-8082-exec-1] o.s.web.servlet.DispatcherServlet        : Initializing Servlet 'dispatcherServlet'
2021-08-13 09:16:24.873  INFO 2078 --- [http-nio-8082-exec-1] o.s.web.servlet.DispatcherServlet        : Completed initialization in 17 ms
2021-08-13 09:16:24.910  WARN 2078 --- [http-nio-8082-exec-1] o.s.web.servlet.PageNotFound             : No mapping for POST /payment/
2021-08-13 09:16:41.398  INFO 2078 --- [http-nio-8082-exec-3] c.s.g.m.p.s.i.InitialPaymentServiceImpl  : merchantId = 9b2285f0-04b3-42a6-8014-29a51584b45e
2021-08-13 09:16:41.413  INFO 2078 --- [http-nio-8082-exec-3] c.s.g.m.p.s.i.InitialPaymentServiceImpl  : merchantMethodId = 075d1485-7aaa-430a-a83d-6e06bf6b6a5c
2021-08-13 09:16:41.450  INFO 2078 --- [http-nio-8082-exec-3] c.s.g.m.p.controller.PaymentController   : Already expiry more than 15 mins
2021-08-13 09:16:41.493  INFO 2078 --- [http-nio-8082-exec-3] c.s.g.m.p.i.LogHandlerInterceptor        : 
 调用的url: /payment/getCheckRequest
 调用接口的商户号: cmhkeshop
 消息ID messageId: B6DA2474E9B1EB23AF240B083278E25C
 入参数据类型: application/json
 入参数据: {	"merchantCode": "cmhkeshop",	"messageId": "B6DA2474E9B1EB23AF240B083278E25C",	"nonceStr": "1619494124595",	"orderNo": "wcr21051111912379",	"price": "1.00",	"sign": "dc10a8ba27f4c67006c305a025c9430c",	"terminalType": "WEB"}
 调用者ip: 0:0:0:0:0:0:0:1
 调用的方法类型: POST
 返回状态码: 200
 返回数据: {"returnCode":"0","orderNo":"wcr21051111912379","orderRef":"wcr21051111912379","returnDescTc":"成功","returnDescSc":"成功","messageId":"B6DA2474E9B1EB23AF240B083278E25C","returnDescEn":"SUCCESS","timeLeft":{"min":0,"second":0}}
 调用开始时间: 2021-08-13 09:16:41
 调用结束时间: 2021-08-13 09:16:41
 ------------------------------------------------
2021-08-13 09:22:22.338  INFO 2078 --- [http-nio-8082-exec-5] c.s.g.m.p.s.i.InitialPaymentServiceImpl  : merchantId = 9b2285f0-04b3-42a6-8014-29a51584b45e
2021-08-13 09:22:22.345  INFO 2078 --- [http-nio-8082-exec-5] c.s.g.m.p.s.i.InitialPaymentServiceImpl  : merchantMethodId = 075d1485-7aaa-430a-a83d-6e06bf6b6a5c
2021-08-13 09:22:22.372  INFO 2078 --- [http-nio-8082-exec-5] c.s.g.m.p.controller.PaymentController   : Already expiry more than 15 mins
2021-08-13 09:22:22.373  INFO 2078 --- [http-nio-8082-exec-5] c.s.g.m.p.i.LogHandlerInterceptor        : 
 调用的url: /payment/getCheckRequest
 调用接口的商户号: cmhkeshop
 消息ID messageId: B6DA2474E9B1EB23AF240B083278E25C
 入参数据类型: application/json
 入参数据: {	"merchantCode": "cmhkeshop",	"messageId": "B6DA2474E9B1EB23AF240B083278E25C",	"nonceStr": "1619494124595",	"orderNo": "wcr21051111912379",	"price": "1.00",	"sign": "dc10a8ba27f4c67006c305a025c9430c",	"terminalType": "WEB"}
 调用者ip: 0:0:0:0:0:0:0:1
 调用的方法类型: POST
 返回状态码: 200
 返回数据: {"returnCode":"0","orderNo":"wcr21051111912379","orderRef":"wcr21051111912379","returnDescTc":"成功","returnDescSc":"成功","messageId":"B6DA2474E9B1EB23AF240B083278E25C","returnDescEn":"SUCCESS","timeLeft":{"min":0,"second":0}}
 调用开始时间: 2021-08-13 09:22:22
 调用结束时间: 2021-08-13 09:22:22
 ------------------------------------------------
2021-08-13 09:22:23.148  INFO 2078 --- [http-nio-8082-exec-7] c.s.g.m.p.s.i.InitialPaymentServiceImpl  : merchantId = 9b2285f0-04b3-42a6-8014-29a51584b45e
2021-08-13 09:22:23.158  INFO 2078 --- [http-nio-8082-exec-7] c.s.g.m.p.s.i.InitialPaymentServiceImpl  : merchantMethodId = 075d1485-7aaa-430a-a83d-6e06bf6b6a5c
2021-08-13 09:22:23.179  INFO 2078 --- [http-nio-8082-exec-7] c.s.g.m.p.controller.PaymentController   : Already expiry more than 15 mins
2021-08-13 09:22:23.180  INFO 2078 --- [http-nio-8082-exec-7] c.s.g.m.p.i.LogHandlerInterceptor        : 
 调用的url: /payment/getCheckRequest
 调用接口的商户号: cmhkeshop
 消息ID messageId: B6DA2474E9B1EB23AF240B083278E25C
 入参数据类型: application/json
 入参数据: {	"merchantCode": "cmhkeshop",	"messageId": "B6DA2474E9B1EB23AF240B083278E25C",	"nonceStr": "1619494124595",	"orderNo": "wcr21051111912379",	"price": "1.00",	"sign": "dc10a8ba27f4c67006c305a025c9430c",	"terminalType": "WEB"}
 调用者ip: 0:0:0:0:0:0:0:1
 调用的方法类型: POST
 返回状态码: 200
 返回数据: {"returnCode":"0","orderNo":"wcr21051111912379","orderRef":"wcr21051111912379","returnDescTc":"成功","returnDescSc":"成功","messageId":"B6DA2474E9B1EB23AF240B083278E25C","returnDescEn":"SUCCESS","timeLeft":{"min":0,"second":0}}
 调用开始时间: 2021-08-13 09:22:23
 调用结束时间: 2021-08-13 09:22:23
 ------------------------------------------------
2021-08-13 09:25:36.376  INFO 2078 --- [http-nio-8082-exec-10] c.s.g.m.p.s.i.InitialPaymentServiceImpl  : merchantId = 9b2285f0-04b3-42a6-8014-29a51584b45e
2021-08-13 09:25:36.382  INFO 2078 --- [http-nio-8082-exec-10] c.s.g.m.p.s.i.InitialPaymentServiceImpl  : merchantMethodId = 075d1485-7aaa-430a-a83d-6e06bf6b6a5c
2021-08-13 09:25:36.399  INFO 2078 --- [http-nio-8082-exec-10] c.s.g.m.p.controller.PaymentController   : Already expiry more than 15 mins
2021-08-13 09:25:36.400  INFO 2078 --- [http-nio-8082-exec-10] c.s.g.m.p.i.LogHandlerInterceptor        : 
 调用的url: /payment/getCheckRequest
 调用接口的商户号: cmhkeshop
 消息ID messageId: B6DA2474E9B1EB23AF240B083278E25C
 入参数据类型: application/json
 入参数据: {	"merchantCode": "cmhkeshop",	"messageId": "B6DA2474E9B1EB23AF240B083278E25C",	"nonceStr": "1619494124595",	"orderNo": "wcr21051111912379",	"price": "1.00",	"sign": "dc10a8ba27f4c67006c305a025c9430c",	"terminalType": "WEB"}
 调用者ip: 0:0:0:0:0:0:0:1
 调用的方法类型: POST
 返回状态码: 200
 返回数据: {"returnCode":"0","orderNo":"wcr21051111912379","orderRef":"wcr21051111912379","returnDescTc":"成功","returnDescSc":"成功","messageId":"B6DA2474E9B1EB23AF240B083278E25C","returnDescEn":"SUCCESS","timeLeft":{"min":0,"second":0}}
 调用开始时间: 2021-08-13 09:25:36
 调用结束时间: 2021-08-13 09:25:36
 ------------------------------------------------
2021-08-13 14:29:41.946  INFO 2078 --- [http-nio-8082-exec-12] c.s.g.m.p.s.i.InitialPaymentServiceImpl  : merchantId = 9b2285f0-04b3-42a6-8014-29a51584b45e
2021-08-13 14:29:41.956  INFO 2078 --- [http-nio-8082-exec-12] c.s.g.m.p.s.i.InitialPaymentServiceImpl  : merchantMethodId = 075d1485-7aaa-430a-a83d-6e06bf6b6a5c
2021-08-13 14:29:41.971  INFO 2078 --- [http-nio-8082-exec-12] c.s.g.m.p.controller.PaymentController   : Already expiry more than 15 mins
2021-08-13 14:29:41.973  INFO 2078 --- [http-nio-8082-exec-12] c.s.g.m.p.i.LogHandlerInterceptor        : 
 调用的url: /payment/getCheckRequest
 调用接口的商户号: cmhkeshop
 消息ID messageId: B6DA2474E9B1EB23AF240B083278E25C
 入参数据类型: application/json
 入参数据: {	"merchantCode": "cmhkeshop",	"messageId": "B6DA2474E9B1EB23AF240B083278E25C",	"nonceStr": "1619494124595",	"orderNo": "wcr21051111912379",	"price": "1.00",	"sign": "dc10a8ba27f4c67006c305a025c9430c",	"terminalType": "WEB"}
 调用者ip: 0:0:0:0:0:0:0:1
 调用的方法类型: POST
 返回状态码: 200
 返回数据: {"returnCode":"0","orderNo":"wcr21051111912379","orderRef":"wcr21051111912379","returnDescTc":"成功","returnDescSc":"成功","messageId":"B6DA2474E9B1EB23AF240B083278E25C","returnDescEn":"SUCCESS","timeLeft":{"min":0,"second":0}}
 调用开始时间: 2021-08-13 14:29:40
 调用结束时间: 2021-08-13 14:29:41
 ------------------------------------------------
2021-08-13 17:04:44.176  INFO 2078 --- [Thread-20] org.quartz.core.QuartzScheduler          : Scheduler quartzScheduler_$_NON_CLUSTERED paused.
2021-08-13 17:04:44.179  INFO 2078 --- [Thread-20] o.s.s.c.ThreadPoolTaskScheduler          : Shutting down ExecutorService 'taskScheduler'
2021-08-13 17:04:44.181  INFO 2078 --- [Thread-20] o.s.s.quartz.SchedulerFactoryBean        : Shutting down Quartz Scheduler
2021-08-13 17:04:44.181  INFO 2078 --- [Thread-20] org.quartz.core.QuartzScheduler          : Scheduler quartzScheduler_$_NON_CLUSTERED shutting down.
2021-08-13 17:04:44.181  INFO 2078 --- [Thread-20] org.quartz.core.QuartzScheduler          : Scheduler quartzScheduler_$_NON_CLUSTERED paused.
2021-08-13 17:04:44.183  INFO 2078 --- [Thread-20] org.quartz.core.QuartzScheduler          : Scheduler quartzScheduler_$_NON_CLUSTERED shutdown complete.
2021-08-13 17:04:44.185  INFO 2078 --- [Thread-20] o.s.s.concurrent.ThreadPoolTaskExecutor  : Shutting down ExecutorService 'applicationTaskExecutor'
2021-08-13 17:04:44.186  INFO 2078 --- [Thread-20] o.s.c.ehcache.EhCacheManagerFactoryBean  : Shutting down EhCache CacheManager
2021-08-13 17:04:45.207  INFO 2078 --- [Thread-20] com.alibaba.druid.pool.DruidDataSource   : {dataSource-1} closed
