2021-09-03 12:02:01.243  INFO 4196 --- [main] com.stylefeng.guns.GunsApplication       : Starting GunsApplication on IT-MacBook-6921.local with PID 4196 (/Users/p6317/Documents/project/java/payment/api/src/payment-admin/target/classes started by p6317 in /Users/p6317/Documents/project/java/payment/api)
2021-09-03 12:02:01.247  INFO 4196 --- [main] com.stylefeng.guns.GunsApplication       : The following profiles are active: uat
2021-09-03 12:02:01.306  INFO 4196 --- [main] .e.DevToolsPropertyDefaultsPostProcessor : For additional web related logging consider setting the 'logging.level.web' property to 'DEBUG'
2021-09-03 12:02:03.228  INFO 4196 --- [main] trationDelegate$BeanPostProcessorChecker : Bean 'gunsProperties' of type [com.stylefeng.guns.config.properties.GunsProperties] is not eligible for getting processed by all BeanPostProcessors (for example: not eligible for auto-proxying)
2021-09-03 12:02:03.230  INFO 4196 --- [main] trationDelegate$BeanPostProcessorChecker : Bean 'restConfig' of type [com.stylefeng.guns.config.RestConfig$$EnhancerBySpringCGLIB$$7ec647dc] is not eligible for getting processed by all BeanPostProcessors (for example: not eligible for auto-proxying)
2021-09-03 12:02:03.332  INFO 4196 --- [main] trationDelegate$BeanPostProcessorChecker : Bean 'restTemplateBuilder' of type [org.springframework.boot.web.client.RestTemplateBuilder] is not eligible for getting processed by all BeanPostProcessors (for example: not eligible for auto-proxying)
2021-09-03 12:02:03.626  INFO 4196 --- [main] trationDelegate$BeanPostProcessorChecker : Bean 'clientHttpRequestFactory' of type [org.springframework.http.client.HttpComponentsClientHttpRequestFactory] is not eligible for getting processed by all BeanPostProcessors (for example: not eligible for auto-proxying)
2021-09-03 12:02:03.628  INFO 4196 --- [main] trationDelegate$BeanPostProcessorChecker : Bean 'restTemplate' of type [com.stylefeng.guns.modular.payment.common.utils.RestTempleteAware] is not eligible for getting processed by all BeanPostProcessors (for example: not eligible for auto-proxying)
2021-09-03 12:02:03.630  INFO 4196 --- [main] trationDelegate$BeanPostProcessorChecker : Bean 'defaultClientCache' of type [com.stylefeng.guns.modular.sso.service.DefaultClientCache] is not eligible for getting processed by all BeanPostProcessors (for example: not eligible for auto-proxying)
2021-09-03 12:02:03.632  INFO 4196 --- [main] trationDelegate$BeanPostProcessorChecker : Bean 'com.stylefeng.sso.plugin.config.SsoAutoConfiguration' of type [com.stylefeng.sso.plugin.config.SsoAutoConfiguration$$EnhancerBySpringCGLIB$$b32c12fd] is not eligible for getting processed by all BeanPostProcessors (for example: not eligible for auto-proxying)
2021-09-03 12:02:03.634  INFO 4196 --- [main] trationDelegate$BeanPostProcessorChecker : Bean 'springContextHolder' of type [com.stylefeng.sso.plugin.util.SsoSpringContextHolder] is not eligible for getting processed by all BeanPostProcessors (for example: not eligible for auto-proxying)
2021-09-03 12:02:03.732  INFO 4196 --- [main] trationDelegate$BeanPostProcessorChecker : Bean 'mybatis-plus-com.baomidou.mybatisplus.spring.boot.starter.MybatisPlusProperties' of type [com.baomidou.mybatisplus.spring.boot.starter.MybatisPlusProperties] is not eligible for getting processed by all BeanPostProcessors (for example: not eligible for auto-proxying)
2021-09-03 12:02:03.738  INFO 4196 --- [main] trationDelegate$BeanPostProcessorChecker : Bean 'singleDataSourceConfig' of type [com.stylefeng.guns.config.datasource.SingleDataSourceConfig$$EnhancerBySpringCGLIB$$3d97beb8] is not eligible for getting processed by all BeanPostProcessors (for example: not eligible for auto-proxying)
2021-09-03 12:02:03.745  INFO 4196 --- [main] trationDelegate$BeanPostProcessorChecker : Bean 'paginationInterceptor' of type [com.baomidou.mybatisplus.plugins.PaginationInterceptor] is not eligible for getting processed by all BeanPostProcessors (for example: not eligible for auto-proxying)
2021-09-03 12:02:03.747  INFO 4196 --- [main] trationDelegate$BeanPostProcessorChecker : Bean 'dataScopeInterceptor' of type [com.stylefeng.guns.core.datascope.DataScopeInterceptor] is not eligible for getting processed by all BeanPostProcessors (for example: not eligible for auto-proxying)
2021-09-03 12:02:03.749  INFO 4196 --- [main] trationDelegate$BeanPostProcessorChecker : Bean 'optimisticLockerInterceptor' of type [com.baomidou.mybatisplus.plugins.OptimisticLockerInterceptor] is not eligible for getting processed by all BeanPostProcessors (for example: not eligible for auto-proxying)
2021-09-03 12:02:03.755  INFO 4196 --- [main] trationDelegate$BeanPostProcessorChecker : Bean 'com.baomidou.mybatisplus.spring.boot.starter.MybatisPlusAutoConfiguration' of type [com.baomidou.mybatisplus.spring.boot.starter.MybatisPlusAutoConfiguration$$EnhancerBySpringCGLIB$$5aa179bb] is not eligible for getting processed by all BeanPostProcessors (for example: not eligible for auto-proxying)
2021-09-03 12:02:03.759  INFO 4196 --- [main] trationDelegate$BeanPostProcessorChecker : Bean 'com.stylefeng.guns.core.config.DefaultProperties' of type [com.stylefeng.guns.core.config.DefaultProperties$$EnhancerBySpringCGLIB$$6c353671] is not eligible for getting processed by all BeanPostProcessors (for example: not eligible for auto-proxying)
2021-09-03 12:02:03.765  INFO 4196 --- [main] trationDelegate$BeanPostProcessorChecker : Bean 'druidProperties' of type [com.stylefeng.guns.core.config.properties.DruidProperties] is not eligible for getting processed by all BeanPostProcessors (for example: not eligible for auto-proxying)
2021-09-03 12:02:03.827  INFO 4196 --- [main] trationDelegate$BeanPostProcessorChecker : Bean 'dataSource' of type [com.alibaba.druid.pool.DruidDataSource] is not eligible for getting processed by all BeanPostProcessors (for example: not eligible for auto-proxying)
2021-09-03 12:02:08.667  INFO 4196 --- [main] com.alibaba.druid.pool.DruidDataSource   : {dataSource-1} inited
2021-09-03 12:02:09.575  WARN 4196 --- [main] c.b.mybatisplus.mapper.AutoSqlInjector   : class com.stylefeng.guns.modular.payment.pojo.po.PaymentMerchantMethodDO ,Not found @TableId annotation, Cannot use Mybatis-Plus 'xxById' Method.
2021-09-03 12:02:09.597  WARN 4196 --- [main] c.b.mybatisplus.mapper.AutoSqlInjector   : class com.stylefeng.guns.modular.payment.pojo.po.PaymentMethodDO ,Not found @TableId annotation, Cannot use Mybatis-Plus 'xxById' Method.
2021-09-03 12:02:09.724  WARN 4196 --- [main] c.b.mybatisplus.mapper.AutoSqlInjector   : class com.stylefeng.guns.modular.payment.pojo.po.PaymentVendorDO ,Not found @TableId annotation, Cannot use Mybatis-Plus 'xxById' Method.
2021-09-03 12:02:09.799  INFO 4196 --- [main] trationDelegate$BeanPostProcessorChecker : Bean 'sqlSessionFactory' of type [org.apache.ibatis.session.defaults.DefaultSqlSessionFactory] is not eligible for getting processed by all BeanPostProcessors (for example: not eligible for auto-proxying)
2021-09-03 12:02:09.803  INFO 4196 --- [main] trationDelegate$BeanPostProcessorChecker : Bean 'sqlSessionTemplate' of type [org.mybatis.spring.SqlSessionTemplate] is not eligible for getting processed by all BeanPostProcessors (for example: not eligible for auto-proxying)
2021-09-03 12:02:09.804  INFO 4196 --- [main] trationDelegate$BeanPostProcessorChecker : Bean 'userMapper' of type [org.mybatis.spring.mapper.MapperFactoryBean] is not eligible for getting processed by all BeanPostProcessors (for example: not eligible for auto-proxying)
2021-09-03 12:02:09.808  INFO 4196 --- [main] trationDelegate$BeanPostProcessorChecker : Bean 'userMapper' of type [com.sun.proxy.$Proxy103] is not eligible for getting processed by all BeanPostProcessors (for example: not eligible for auto-proxying)
2021-09-03 12:02:09.812  INFO 4196 --- [main] trationDelegate$BeanPostProcessorChecker : Bean 'menuMapper' of type [org.mybatis.spring.mapper.MapperFactoryBean] is not eligible for getting processed by all BeanPostProcessors (for example: not eligible for auto-proxying)
2021-09-03 12:02:09.815  INFO 4196 --- [main] trationDelegate$BeanPostProcessorChecker : Bean 'menuMapper' of type [com.sun.proxy.$Proxy104] is not eligible for getting processed by all BeanPostProcessors (for example: not eligible for auto-proxying)
2021-09-03 12:02:09.818  INFO 4196 --- [main] trationDelegate$BeanPostProcessorChecker : Bean 'authApiFactory' of type [com.stylefeng.guns.core.shiro.factory.AuthApiFactory] is not eligible for getting processed by all BeanPostProcessors (for example: not eligible for auto-proxying)
2021-09-03 12:02:09.818  INFO 4196 --- [main] trationDelegate$BeanPostProcessorChecker : Bean 'webConfig' of type [com.stylefeng.guns.config.web.WebConfig$$EnhancerBySpringCGLIB$$b93ae4dc] is not eligible for getting processed by all BeanPostProcessors (for example: not eligible for auto-proxying)
2021-09-03 12:02:09.895  INFO 4196 --- [main] trationDelegate$BeanPostProcessorChecker : Bean 'druidStatPointcut' of type [org.springframework.aop.support.JdkRegexpMethodPointcut] is not eligible for getting processed by all BeanPostProcessors (for example: not eligible for auto-proxying)
2021-09-03 12:02:09.904  INFO 4196 --- [main] trationDelegate$BeanPostProcessorChecker : Bean 'druidStatInterceptor' of type [com.alibaba.druid.support.spring.stat.DruidStatInterceptor] is not eligible for getting processed by all BeanPostProcessors (for example: not eligible for auto-proxying)
2021-09-03 12:02:09.905  INFO 4196 --- [main] trationDelegate$BeanPostProcessorChecker : Bean 'druidStatAdvisor' of type [org.springframework.aop.support.DefaultPointcutAdvisor] is not eligible for getting processed by all BeanPostProcessors (for example: not eligible for auto-proxying)
2021-09-03 12:02:09.932  INFO 4196 --- [main] trationDelegate$BeanPostProcessorChecker : Bean 'org.springframework.retry.annotation.RetryConfiguration' of type [org.springframework.retry.annotation.RetryConfiguration$$EnhancerBySpringCGLIB$$2c57383] is not eligible for getting processed by all BeanPostProcessors (for example: not eligible for auto-proxying)
2021-09-03 12:02:10.004  INFO 4196 --- [main] trationDelegate$BeanPostProcessorChecker : Bean 'org.springframework.transaction.annotation.ProxyTransactionManagementConfiguration' of type [org.springframework.transaction.annotation.ProxyTransactionManagementConfiguration$$EnhancerBySpringCGLIB$$d01db5e] is not eligible for getting processed by all BeanPostProcessors (for example: not eligible for auto-proxying)
2021-09-03 12:02:10.623  INFO 4196 --- [main] o.s.b.w.embedded.tomcat.TomcatWebServer  : Tomcat initialized with port(s): 8080 (http)
2021-09-03 12:02:10.656  INFO 4196 --- [main] o.apache.catalina.core.StandardService   : Starting service [Tomcat]
2021-09-03 12:02:10.657  INFO 4196 --- [main] org.apache.catalina.core.StandardEngine  : Starting Servlet engine: [Apache Tomcat/9.0.21]
2021-09-03 12:02:10.794  INFO 4196 --- [main] o.a.c.c.C.[Tomcat].[localhost].[/]       : Initializing Spring embedded WebApplicationContext
2021-09-03 12:02:10.795  INFO 4196 --- [main] o.s.web.context.ContextLoader            : Root WebApplicationContext: initialization completed in 9488 ms
2021-09-03 12:02:12.960  INFO 4196 --- [main] o.s.c.ehcache.EhCacheManagerFactoryBean  : Initializing EhCache CacheManager
2021-09-03 12:02:13.175  INFO 4196 --- [main] pertySourcedRequestMappingHandlerMapping : Mapped URL path [/v2/api-docs] onto method [public org.springframework.http.ResponseEntity<springfox.documentation.spring.web.json.Json> springfox.documentation.swagger2.web.Swagger2Controller.getDocumentation(java.lang.String,javax.servlet.http.HttpServletRequest)]
2021-09-03 12:02:13.431  INFO 4196 --- [main] o.s.s.concurrent.ThreadPoolTaskExecutor  : Initializing ExecutorService 'applicationTaskExecutor'
2021-09-03 12:02:13.866  INFO 4196 --- [main] org.quartz.impl.StdSchedulerFactory      : Using default implementation for ThreadExecutor
2021-09-03 12:02:13.887  INFO 4196 --- [main] org.quartz.core.SchedulerSignalerImpl    : Initialized Scheduler Signaller of type: class org.quartz.core.SchedulerSignalerImpl
2021-09-03 12:02:13.887  INFO 4196 --- [main] org.quartz.core.QuartzScheduler          : Quartz Scheduler v.2.3.1 created.
2021-09-03 12:02:13.889  INFO 4196 --- [main] org.quartz.simpl.RAMJobStore             : RAMJobStore initialized.
2021-09-03 12:02:13.890  INFO 4196 --- [main] org.quartz.core.QuartzScheduler          : Scheduler meta-data: Quartz Scheduler (v2.3.1) 'quartzScheduler' with instanceId 'NON_CLUSTERED'
  Scheduler class: 'org.quartz.core.QuartzScheduler' - running locally.
  NOT STARTED.
  Currently in standby mode.
  Number of jobs executed: 0
  Using thread pool 'org.quartz.simpl.SimpleThreadPool' - with 10 threads.
  Using job-store 'org.quartz.simpl.RAMJobStore' - which does not support persistence. and is not clustered.

2021-09-03 12:02:13.890  INFO 4196 --- [main] org.quartz.impl.StdSchedulerFactory      : Quartz scheduler 'quartzScheduler' initialized from an externally provided properties instance.
2021-09-03 12:02:13.891  INFO 4196 --- [main] org.quartz.impl.StdSchedulerFactory      : Quartz scheduler version: 2.3.1
2021-09-03 12:02:13.891  INFO 4196 --- [main] org.quartz.core.QuartzScheduler          : JobFactory set to: org.springframework.scheduling.quartz.SpringBeanJobFactory@7c3bfafc
2021-09-03 12:02:13.916  INFO 4196 --- [main] o.s.s.c.ThreadPoolTaskScheduler          : Initializing ExecutorService 'taskScheduler'
2021-09-03 12:02:14.010  INFO 4196 --- [main] d.s.w.p.DocumentationPluginsBootstrapper : Context refreshed
2021-09-03 12:02:14.043  INFO 4196 --- [main] d.s.w.p.DocumentationPluginsBootstrapper : Found 1 custom documentation plugin(s)
2021-09-03 12:02:14.097  INFO 4196 --- [main] s.d.s.w.s.ApiListingReferenceScanner     : Scanning for api listing references
2021-09-03 12:02:14.218  INFO 4196 --- [main] o.s.s.quartz.SchedulerFactoryBean        : Starting Quartz Scheduler now
2021-09-03 12:02:14.218  INFO 4196 --- [main] org.quartz.core.QuartzScheduler          : Scheduler quartzScheduler_$_NON_CLUSTERED started.
2021-09-03 12:02:14.261  INFO 4196 --- [main] o.s.b.w.embedded.tomcat.TomcatWebServer  : Tomcat started on port(s): 8080 (http) with context path ''
2021-09-03 12:02:14.266  INFO 4196 --- [main] com.stylefeng.guns.GunsApplication       : Started GunsApplication in 14.06 seconds (JVM running for 23.16)
2021-09-03 12:05:05.677  INFO 4196 --- [Thread-20] org.quartz.core.QuartzScheduler          : Scheduler quartzScheduler_$_NON_CLUSTERED paused.
2021-09-03 12:05:05.682  INFO 4196 --- [Thread-20] o.s.s.c.ThreadPoolTaskScheduler          : Shutting down ExecutorService 'taskScheduler'
2021-09-03 12:05:05.683  INFO 4196 --- [Thread-20] o.s.s.quartz.SchedulerFactoryBean        : Shutting down Quartz Scheduler
2021-09-03 12:05:05.684  INFO 4196 --- [Thread-20] org.quartz.core.QuartzScheduler          : Scheduler quartzScheduler_$_NON_CLUSTERED shutting down.
2021-09-03 12:05:05.684  INFO 4196 --- [Thread-20] org.quartz.core.QuartzScheduler          : Scheduler quartzScheduler_$_NON_CLUSTERED paused.
2021-09-03 12:05:05.685  INFO 4196 --- [Thread-20] org.quartz.core.QuartzScheduler          : Scheduler quartzScheduler_$_NON_CLUSTERED shutdown complete.
2021-09-03 12:05:05.687  INFO 4196 --- [Thread-20] o.s.s.concurrent.ThreadPoolTaskExecutor  : Shutting down ExecutorService 'applicationTaskExecutor'
2021-09-03 12:05:05.687  INFO 4196 --- [Thread-20] o.s.c.ehcache.EhCacheManagerFactoryBean  : Shutting down EhCache CacheManager
2021-09-03 12:05:05.733  INFO 4196 --- [Thread-20] com.alibaba.druid.pool.DruidDataSource   : {dataSource-1} closed
