2021-08-10 17:40:55.421  INFO 1396 --- [main] com.stylefeng.guns.GunsApplication       : Starting GunsApplication on IT-MacBook-6921.local with PID 1396 (/Users/p6317/Documents/project/java/payment/api/src/payment-admin/target/classes started by p6317 in /Users/p6317/Documents/project/java/payment/api)
2021-08-10 17:40:55.425  INFO 1396 --- [main] com.stylefeng.guns.GunsApplication       : The following profiles are active: uat
2021-08-10 17:40:55.515  INFO 1396 --- [main] .e.DevToolsPropertyDefaultsPostProcessor : For additional web related logging consider setting the 'logging.level.web' property to 'DEBUG'
2021-08-10 17:40:57.242  INFO 1396 --- [main] trationDelegate$BeanPostProcessorChecker : Bean 'gunsProperties' of type [com.stylefeng.guns.config.properties.GunsProperties] is not eligible for getting processed by all BeanPostProcessors (for example: not eligible for auto-proxying)
2021-08-10 17:40:57.246  INFO 1396 --- [main] trationDelegate$BeanPostProcessorChecker : Bean 'restConfig' of type [com.stylefeng.guns.config.RestConfig$$EnhancerBySpringCGLIB$$addbb70f] is not eligible for getting processed by all BeanPostProcessors (for example: not eligible for auto-proxying)
2021-08-10 17:40:57.357  INFO 1396 --- [main] trationDelegate$BeanPostProcessorChecker : Bean 'restTemplateBuilder' of type [org.springframework.boot.web.client.RestTemplateBuilder] is not eligible for getting processed by all BeanPostProcessors (for example: not eligible for auto-proxying)
2021-08-10 17:40:57.594  INFO 1396 --- [main] trationDelegate$BeanPostProcessorChecker : Bean 'clientHttpRequestFactory' of type [org.springframework.http.client.HttpComponentsClientHttpRequestFactory] is not eligible for getting processed by all BeanPostProcessors (for example: not eligible for auto-proxying)
2021-08-10 17:40:57.595  INFO 1396 --- [main] trationDelegate$BeanPostProcessorChecker : Bean 'restTemplate' of type [com.stylefeng.guns.modular.payment.common.utils.RestTempleteAware] is not eligible for getting processed by all BeanPostProcessors (for example: not eligible for auto-proxying)
2021-08-10 17:40:57.598  INFO 1396 --- [main] trationDelegate$BeanPostProcessorChecker : Bean 'defaultClientCache' of type [com.stylefeng.guns.modular.sso.service.DefaultClientCache] is not eligible for getting processed by all BeanPostProcessors (for example: not eligible for auto-proxying)
2021-08-10 17:40:57.600  INFO 1396 --- [main] trationDelegate$BeanPostProcessorChecker : Bean 'com.stylefeng.sso.plugin.config.SsoAutoConfiguration' of type [com.stylefeng.sso.plugin.config.SsoAutoConfiguration$$EnhancerBySpringCGLIB$$e2418230] is not eligible for getting processed by all BeanPostProcessors (for example: not eligible for auto-proxying)
2021-08-10 17:40:57.602  INFO 1396 --- [main] trationDelegate$BeanPostProcessorChecker : Bean 'springContextHolder' of type [com.stylefeng.sso.plugin.util.SsoSpringContextHolder] is not eligible for getting processed by all BeanPostProcessors (for example: not eligible for auto-proxying)
2021-08-10 17:40:57.671  INFO 1396 --- [main] trationDelegate$BeanPostProcessorChecker : Bean 'mybatis-plus-com.baomidou.mybatisplus.spring.boot.starter.MybatisPlusProperties' of type [com.baomidou.mybatisplus.spring.boot.starter.MybatisPlusProperties] is not eligible for getting processed by all BeanPostProcessors (for example: not eligible for auto-proxying)
2021-08-10 17:40:57.677  INFO 1396 --- [main] trationDelegate$BeanPostProcessorChecker : Bean 'singleDataSourceConfig' of type [com.stylefeng.guns.config.datasource.SingleDataSourceConfig$$EnhancerBySpringCGLIB$$6cad2deb] is not eligible for getting processed by all BeanPostProcessors (for example: not eligible for auto-proxying)
2021-08-10 17:40:57.683  INFO 1396 --- [main] trationDelegate$BeanPostProcessorChecker : Bean 'paginationInterceptor' of type [com.baomidou.mybatisplus.plugins.PaginationInterceptor] is not eligible for getting processed by all BeanPostProcessors (for example: not eligible for auto-proxying)
2021-08-10 17:40:57.685  INFO 1396 --- [main] trationDelegate$BeanPostProcessorChecker : Bean 'dataScopeInterceptor' of type [com.stylefeng.guns.core.datascope.DataScopeInterceptor] is not eligible for getting processed by all BeanPostProcessors (for example: not eligible for auto-proxying)
2021-08-10 17:40:57.687  INFO 1396 --- [main] trationDelegate$BeanPostProcessorChecker : Bean 'optimisticLockerInterceptor' of type [com.baomidou.mybatisplus.plugins.OptimisticLockerInterceptor] is not eligible for getting processed by all BeanPostProcessors (for example: not eligible for auto-proxying)
2021-08-10 17:40:57.693  INFO 1396 --- [main] trationDelegate$BeanPostProcessorChecker : Bean 'com.baomidou.mybatisplus.spring.boot.starter.MybatisPlusAutoConfiguration' of type [com.baomidou.mybatisplus.spring.boot.starter.MybatisPlusAutoConfiguration$$EnhancerBySpringCGLIB$$89b6e8ee] is not eligible for getting processed by all BeanPostProcessors (for example: not eligible for auto-proxying)
2021-08-10 17:40:57.697  INFO 1396 --- [main] trationDelegate$BeanPostProcessorChecker : Bean 'com.stylefeng.guns.core.config.DefaultProperties' of type [com.stylefeng.guns.core.config.DefaultProperties$$EnhancerBySpringCGLIB$$9b4aa5a4] is not eligible for getting processed by all BeanPostProcessors (for example: not eligible for auto-proxying)
2021-08-10 17:40:57.704  INFO 1396 --- [main] trationDelegate$BeanPostProcessorChecker : Bean 'druidProperties' of type [com.stylefeng.guns.core.config.properties.DruidProperties] is not eligible for getting processed by all BeanPostProcessors (for example: not eligible for auto-proxying)
2021-08-10 17:40:57.746  INFO 1396 --- [main] trationDelegate$BeanPostProcessorChecker : Bean 'dataSource' of type [com.alibaba.druid.pool.DruidDataSource] is not eligible for getting processed by all BeanPostProcessors (for example: not eligible for auto-proxying)
2021-08-10 17:41:06.153  INFO 1396 --- [main] com.alibaba.druid.pool.DruidDataSource   : {dataSource-1} inited
2021-08-10 17:41:07.137  WARN 1396 --- [main] c.b.mybatisplus.mapper.AutoSqlInjector   : class com.stylefeng.guns.modular.payment.pojo.po.PaymentMerchantMethodDO ,Not found @TableId annotation, Cannot use Mybatis-Plus 'xxById' Method.
2021-08-10 17:41:07.151  WARN 1396 --- [main] c.b.mybatisplus.mapper.AutoSqlInjector   : class com.stylefeng.guns.modular.payment.pojo.po.PaymentMethodDO ,Not found @TableId annotation, Cannot use Mybatis-Plus 'xxById' Method.
2021-08-10 17:41:07.233  WARN 1396 --- [main] c.b.mybatisplus.mapper.AutoSqlInjector   : class com.stylefeng.guns.modular.payment.pojo.po.PaymentVendorDO ,Not found @TableId annotation, Cannot use Mybatis-Plus 'xxById' Method.
2021-08-10 17:41:07.294  INFO 1396 --- [main] trationDelegate$BeanPostProcessorChecker : Bean 'sqlSessionFactory' of type [org.apache.ibatis.session.defaults.DefaultSqlSessionFactory] is not eligible for getting processed by all BeanPostProcessors (for example: not eligible for auto-proxying)
2021-08-10 17:41:07.297  INFO 1396 --- [main] trationDelegate$BeanPostProcessorChecker : Bean 'sqlSessionTemplate' of type [org.mybatis.spring.SqlSessionTemplate] is not eligible for getting processed by all BeanPostProcessors (for example: not eligible for auto-proxying)
2021-08-10 17:41:07.298  INFO 1396 --- [main] trationDelegate$BeanPostProcessorChecker : Bean 'userMapper' of type [org.mybatis.spring.mapper.MapperFactoryBean] is not eligible for getting processed by all BeanPostProcessors (for example: not eligible for auto-proxying)
2021-08-10 17:41:07.301  INFO 1396 --- [main] trationDelegate$BeanPostProcessorChecker : Bean 'userMapper' of type [com.sun.proxy.$Proxy103] is not eligible for getting processed by all BeanPostProcessors (for example: not eligible for auto-proxying)
2021-08-10 17:41:07.304  INFO 1396 --- [main] trationDelegate$BeanPostProcessorChecker : Bean 'menuMapper' of type [org.mybatis.spring.mapper.MapperFactoryBean] is not eligible for getting processed by all BeanPostProcessors (for example: not eligible for auto-proxying)
2021-08-10 17:41:07.306  INFO 1396 --- [main] trationDelegate$BeanPostProcessorChecker : Bean 'menuMapper' of type [com.sun.proxy.$Proxy104] is not eligible for getting processed by all BeanPostProcessors (for example: not eligible for auto-proxying)
2021-08-10 17:41:07.310  INFO 1396 --- [main] trationDelegate$BeanPostProcessorChecker : Bean 'authApiFactory' of type [com.stylefeng.guns.core.shiro.factory.AuthApiFactory] is not eligible for getting processed by all BeanPostProcessors (for example: not eligible for auto-proxying)
2021-08-10 17:41:07.311  INFO 1396 --- [main] trationDelegate$BeanPostProcessorChecker : Bean 'webConfig' of type [com.stylefeng.guns.config.web.WebConfig$$EnhancerBySpringCGLIB$$e850540f] is not eligible for getting processed by all BeanPostProcessors (for example: not eligible for auto-proxying)
2021-08-10 17:41:07.368  INFO 1396 --- [main] trationDelegate$BeanPostProcessorChecker : Bean 'druidStatPointcut' of type [org.springframework.aop.support.JdkRegexpMethodPointcut] is not eligible for getting processed by all BeanPostProcessors (for example: not eligible for auto-proxying)
2021-08-10 17:41:07.375  INFO 1396 --- [main] trationDelegate$BeanPostProcessorChecker : Bean 'druidStatInterceptor' of type [com.alibaba.druid.support.spring.stat.DruidStatInterceptor] is not eligible for getting processed by all BeanPostProcessors (for example: not eligible for auto-proxying)
2021-08-10 17:41:07.376  INFO 1396 --- [main] trationDelegate$BeanPostProcessorChecker : Bean 'druidStatAdvisor' of type [org.springframework.aop.support.DefaultPointcutAdvisor] is not eligible for getting processed by all BeanPostProcessors (for example: not eligible for auto-proxying)
2021-08-10 17:41:07.403  INFO 1396 --- [main] trationDelegate$BeanPostProcessorChecker : Bean 'org.springframework.retry.annotation.RetryConfiguration' of type [org.springframework.retry.annotation.RetryConfiguration$$EnhancerBySpringCGLIB$$31dae2b6] is not eligible for getting processed by all BeanPostProcessors (for example: not eligible for auto-proxying)
2021-08-10 17:41:07.453  INFO 1396 --- [main] trationDelegate$BeanPostProcessorChecker : Bean 'org.springframework.transaction.annotation.ProxyTransactionManagementConfiguration' of type [org.springframework.transaction.annotation.ProxyTransactionManagementConfiguration$$EnhancerBySpringCGLIB$$3c174a91] is not eligible for getting processed by all BeanPostProcessors (for example: not eligible for auto-proxying)
2021-08-10 17:41:07.934  INFO 1396 --- [main] o.s.b.w.embedded.tomcat.TomcatWebServer  : Tomcat initialized with port(s): 80 (http)
2021-08-10 17:41:07.960  INFO 1396 --- [main] o.apache.catalina.core.StandardService   : Starting service [Tomcat]
2021-08-10 17:41:07.960  INFO 1396 --- [main] org.apache.catalina.core.StandardEngine  : Starting Servlet engine: [Apache Tomcat/9.0.21]
2021-08-10 17:41:08.041  INFO 1396 --- [main] o.a.c.c.C.[Tomcat].[localhost].[/]       : Initializing Spring embedded WebApplicationContext
2021-08-10 17:41:08.042  INFO 1396 --- [main] o.s.web.context.ContextLoader            : Root WebApplicationContext: initialization completed in 12527 ms
2021-08-10 17:41:08.571 ERROR 1396 --- [main] c.s.g.m.payment.access.AliHkPayAccess    : 当前partnerid2088621917774655 没有正确配置alihk cod回调解密参数
2021-08-10 17:41:08.573 ERROR 1396 --- [main] c.s.g.m.payment.access.AliHkPayAccess    : 当前partnerid2088101122136241 没有正确配置alihk cod回调解密参数
2021-08-10 17:41:10.140  INFO 1396 --- [main] o.s.c.ehcache.EhCacheManagerFactoryBean  : Initializing EhCache CacheManager
2021-08-10 17:41:10.341  INFO 1396 --- [main] pertySourcedRequestMappingHandlerMapping : Mapped URL path [/v2/api-docs] onto method [public org.springframework.http.ResponseEntity<springfox.documentation.spring.web.json.Json> springfox.documentation.swagger2.web.Swagger2Controller.getDocumentation(java.lang.String,javax.servlet.http.HttpServletRequest)]
2021-08-10 17:41:10.632  INFO 1396 --- [main] o.s.s.concurrent.ThreadPoolTaskExecutor  : Initializing ExecutorService 'applicationTaskExecutor'
2021-08-10 17:41:11.098  INFO 1396 --- [main] org.quartz.impl.StdSchedulerFactory      : Using default implementation for ThreadExecutor
2021-08-10 17:41:11.135  INFO 1396 --- [main] org.quartz.core.SchedulerSignalerImpl    : Initialized Scheduler Signaller of type: class org.quartz.core.SchedulerSignalerImpl
2021-08-10 17:41:11.135  INFO 1396 --- [main] org.quartz.core.QuartzScheduler          : Quartz Scheduler v.2.3.1 created.
2021-08-10 17:41:11.136  INFO 1396 --- [main] org.quartz.simpl.RAMJobStore             : RAMJobStore initialized.
2021-08-10 17:41:11.137  INFO 1396 --- [main] org.quartz.core.QuartzScheduler          : Scheduler meta-data: Quartz Scheduler (v2.3.1) 'quartzScheduler' with instanceId 'NON_CLUSTERED'
  Scheduler class: 'org.quartz.core.QuartzScheduler' - running locally.
  NOT STARTED.
  Currently in standby mode.
  Number of jobs executed: 0
  Using thread pool 'org.quartz.simpl.SimpleThreadPool' - with 10 threads.
  Using job-store 'org.quartz.simpl.RAMJobStore' - which does not support persistence. and is not clustered.

2021-08-10 17:41:11.138  INFO 1396 --- [main] org.quartz.impl.StdSchedulerFactory      : Quartz scheduler 'quartzScheduler' initialized from an externally provided properties instance.
2021-08-10 17:41:11.138  INFO 1396 --- [main] org.quartz.impl.StdSchedulerFactory      : Quartz scheduler version: 2.3.1
2021-08-10 17:41:11.138  INFO 1396 --- [main] org.quartz.core.QuartzScheduler          : JobFactory set to: org.springframework.scheduling.quartz.SpringBeanJobFactory@2c21ddf
2021-08-10 17:41:11.158  INFO 1396 --- [main] o.s.s.c.ThreadPoolTaskScheduler          : Initializing ExecutorService 'taskScheduler'
2021-08-10 17:41:11.228  INFO 1396 --- [main] d.s.w.p.DocumentationPluginsBootstrapper : Context refreshed
2021-08-10 17:41:11.254  INFO 1396 --- [main] d.s.w.p.DocumentationPluginsBootstrapper : Found 1 custom documentation plugin(s)
2021-08-10 17:41:11.311  INFO 1396 --- [main] s.d.s.w.s.ApiListingReferenceScanner     : Scanning for api listing references
2021-08-10 17:41:11.431  INFO 1396 --- [main] o.s.s.quartz.SchedulerFactoryBean        : Starting Quartz Scheduler now
2021-08-10 17:41:11.432  INFO 1396 --- [main] org.quartz.core.QuartzScheduler          : Scheduler quartzScheduler_$_NON_CLUSTERED started.
2021-08-10 17:41:11.472  INFO 1396 --- [main] o.s.b.w.embedded.tomcat.TomcatWebServer  : Tomcat started on port(s): 80 (http) with context path ''
2021-08-10 17:41:11.477  INFO 1396 --- [main] com.stylefeng.guns.GunsApplication       : Started GunsApplication in 17.012 seconds (JVM running for 25.838)
2021-08-10 17:41:22.818  INFO 1396 --- [http-nio-80-exec-1] o.a.c.c.C.[Tomcat].[localhost].[/]       : Initializing Spring DispatcherServlet 'dispatcherServlet'
2021-08-10 17:41:22.821  INFO 1396 --- [http-nio-80-exec-1] o.s.web.servlet.DispatcherServlet        : Initializing Servlet 'dispatcherServlet'
2021-08-10 17:41:22.841  INFO 1396 --- [http-nio-80-exec-1] o.s.web.servlet.DispatcherServlet        : Completed initialization in 19 ms
2021-08-10 17:41:22.878  WARN 1396 --- [http-nio-80-exec-1] o.s.web.servlet.PageNotFound             : No mapping for GET /nginx_status
2021-08-10 17:41:28.010  WARN 1396 --- [http-nio-80-exec-2] o.s.web.servlet.PageNotFound             : No mapping for GET /nginx_status
2021-08-10 17:41:33.049  WARN 1396 --- [http-nio-80-exec-3] o.s.web.servlet.PageNotFound             : No mapping for GET /nginx_status
2021-08-10 17:41:38.077  WARN 1396 --- [http-nio-80-exec-4] o.s.web.servlet.PageNotFound             : No mapping for GET /nginx_status
2021-08-10 17:41:43.097  WARN 1396 --- [http-nio-80-exec-5] o.s.web.servlet.PageNotFound             : No mapping for GET /nginx_status
2021-08-10 17:41:48.120  WARN 1396 --- [http-nio-80-exec-6] o.s.web.servlet.PageNotFound             : No mapping for GET /nginx_status
2021-08-10 17:41:53.147  WARN 1396 --- [http-nio-80-exec-7] o.s.web.servlet.PageNotFound             : No mapping for GET /nginx_status
2021-08-10 17:41:58.166  WARN 1396 --- [http-nio-80-exec-8] o.s.web.servlet.PageNotFound             : No mapping for GET /nginx_status
2021-08-10 17:42:02.691  INFO 1396 --- [Thread-20] org.quartz.core.QuartzScheduler          : Scheduler quartzScheduler_$_NON_CLUSTERED paused.
2021-08-10 17:42:02.694  INFO 1396 --- [Thread-20] o.s.s.c.ThreadPoolTaskScheduler          : Shutting down ExecutorService 'taskScheduler'
2021-08-10 17:42:02.696  INFO 1396 --- [Thread-20] o.s.s.quartz.SchedulerFactoryBean        : Shutting down Quartz Scheduler
2021-08-10 17:42:02.696  INFO 1396 --- [Thread-20] org.quartz.core.QuartzScheduler          : Scheduler quartzScheduler_$_NON_CLUSTERED shutting down.
2021-08-10 17:42:02.697  INFO 1396 --- [Thread-20] org.quartz.core.QuartzScheduler          : Scheduler quartzScheduler_$_NON_CLUSTERED paused.
2021-08-10 17:42:02.699  INFO 1396 --- [Thread-20] org.quartz.core.QuartzScheduler          : Scheduler quartzScheduler_$_NON_CLUSTERED shutdown complete.
2021-08-10 17:42:02.701  INFO 1396 --- [Thread-20] o.s.s.concurrent.ThreadPoolTaskExecutor  : Shutting down ExecutorService 'applicationTaskExecutor'
2021-08-10 17:42:02.702  INFO 1396 --- [Thread-20] o.s.c.ehcache.EhCacheManagerFactoryBean  : Shutting down EhCache CacheManager
2021-08-10 17:42:02.771  INFO 1396 --- [Thread-20] com.alibaba.druid.pool.DruidDataSource   : {dataSource-1} closed
2021-08-10 17:42:17.398  INFO 1540 --- [main] com.stylefeng.guns.GunsApplication       : Starting GunsApplication on IT-MacBook-6921.local with PID 1540 (/Users/p6317/Documents/project/java/payment/api/src/payment-admin/target/classes started by p6317 in /Users/p6317/Documents/project/java/payment/api)
2021-08-10 17:42:17.403  INFO 1540 --- [main] com.stylefeng.guns.GunsApplication       : The following profiles are active: uat
2021-08-10 17:42:17.457  INFO 1540 --- [main] .e.DevToolsPropertyDefaultsPostProcessor : For additional web related logging consider setting the 'logging.level.web' property to 'DEBUG'
2021-08-10 17:42:19.207  INFO 1540 --- [main] trationDelegate$BeanPostProcessorChecker : Bean 'gunsProperties' of type [com.stylefeng.guns.config.properties.GunsProperties] is not eligible for getting processed by all BeanPostProcessors (for example: not eligible for auto-proxying)
2021-08-10 17:42:19.210  INFO 1540 --- [main] trationDelegate$BeanPostProcessorChecker : Bean 'restConfig' of type [com.stylefeng.guns.config.RestConfig$$EnhancerBySpringCGLIB$$ee160a6] is not eligible for getting processed by all BeanPostProcessors (for example: not eligible for auto-proxying)
2021-08-10 17:42:19.280  INFO 1540 --- [main] trationDelegate$BeanPostProcessorChecker : Bean 'restTemplateBuilder' of type [org.springframework.boot.web.client.RestTemplateBuilder] is not eligible for getting processed by all BeanPostProcessors (for example: not eligible for auto-proxying)
2021-08-10 17:42:19.464  INFO 1540 --- [main] trationDelegate$BeanPostProcessorChecker : Bean 'clientHttpRequestFactory' of type [org.springframework.http.client.HttpComponentsClientHttpRequestFactory] is not eligible for getting processed by all BeanPostProcessors (for example: not eligible for auto-proxying)
2021-08-10 17:42:19.466  INFO 1540 --- [main] trationDelegate$BeanPostProcessorChecker : Bean 'restTemplate' of type [com.stylefeng.guns.modular.payment.common.utils.RestTempleteAware] is not eligible for getting processed by all BeanPostProcessors (for example: not eligible for auto-proxying)
2021-08-10 17:42:19.468  INFO 1540 --- [main] trationDelegate$BeanPostProcessorChecker : Bean 'defaultClientCache' of type [com.stylefeng.guns.modular.sso.service.DefaultClientCache] is not eligible for getting processed by all BeanPostProcessors (for example: not eligible for auto-proxying)
2021-08-10 17:42:19.470  INFO 1540 --- [main] trationDelegate$BeanPostProcessorChecker : Bean 'com.stylefeng.sso.plugin.config.SsoAutoConfiguration' of type [com.stylefeng.sso.plugin.config.SsoAutoConfiguration$$EnhancerBySpringCGLIB$$43472bc7] is not eligible for getting processed by all BeanPostProcessors (for example: not eligible for auto-proxying)
2021-08-10 17:42:19.475  INFO 1540 --- [main] trationDelegate$BeanPostProcessorChecker : Bean 'springContextHolder' of type [com.stylefeng.sso.plugin.util.SsoSpringContextHolder] is not eligible for getting processed by all BeanPostProcessors (for example: not eligible for auto-proxying)
2021-08-10 17:42:19.560  INFO 1540 --- [main] trationDelegate$BeanPostProcessorChecker : Bean 'mybatis-plus-com.baomidou.mybatisplus.spring.boot.starter.MybatisPlusProperties' of type [com.baomidou.mybatisplus.spring.boot.starter.MybatisPlusProperties] is not eligible for getting processed by all BeanPostProcessors (for example: not eligible for auto-proxying)
2021-08-10 17:42:19.566  INFO 1540 --- [main] trationDelegate$BeanPostProcessorChecker : Bean 'singleDataSourceConfig' of type [com.stylefeng.guns.config.datasource.SingleDataSourceConfig$$EnhancerBySpringCGLIB$$cdb2d782] is not eligible for getting processed by all BeanPostProcessors (for example: not eligible for auto-proxying)
2021-08-10 17:42:19.572  INFO 1540 --- [main] trationDelegate$BeanPostProcessorChecker : Bean 'paginationInterceptor' of type [com.baomidou.mybatisplus.plugins.PaginationInterceptor] is not eligible for getting processed by all BeanPostProcessors (for example: not eligible for auto-proxying)
2021-08-10 17:42:19.575  INFO 1540 --- [main] trationDelegate$BeanPostProcessorChecker : Bean 'dataScopeInterceptor' of type [com.stylefeng.guns.core.datascope.DataScopeInterceptor] is not eligible for getting processed by all BeanPostProcessors (for example: not eligible for auto-proxying)
2021-08-10 17:42:19.577  INFO 1540 --- [main] trationDelegate$BeanPostProcessorChecker : Bean 'optimisticLockerInterceptor' of type [com.baomidou.mybatisplus.plugins.OptimisticLockerInterceptor] is not eligible for getting processed by all BeanPostProcessors (for example: not eligible for auto-proxying)
2021-08-10 17:42:19.584  INFO 1540 --- [main] trationDelegate$BeanPostProcessorChecker : Bean 'com.baomidou.mybatisplus.spring.boot.starter.MybatisPlusAutoConfiguration' of type [com.baomidou.mybatisplus.spring.boot.starter.MybatisPlusAutoConfiguration$$EnhancerBySpringCGLIB$$eabc9285] is not eligible for getting processed by all BeanPostProcessors (for example: not eligible for auto-proxying)
2021-08-10 17:42:19.589  INFO 1540 --- [main] trationDelegate$BeanPostProcessorChecker : Bean 'com.stylefeng.guns.core.config.DefaultProperties' of type [com.stylefeng.guns.core.config.DefaultProperties$$EnhancerBySpringCGLIB$$fc504f3b] is not eligible for getting processed by all BeanPostProcessors (for example: not eligible for auto-proxying)
2021-08-10 17:42:19.597  INFO 1540 --- [main] trationDelegate$BeanPostProcessorChecker : Bean 'druidProperties' of type [com.stylefeng.guns.core.config.properties.DruidProperties] is not eligible for getting processed by all BeanPostProcessors (for example: not eligible for auto-proxying)
2021-08-10 17:42:19.648  INFO 1540 --- [main] trationDelegate$BeanPostProcessorChecker : Bean 'dataSource' of type [com.alibaba.druid.pool.DruidDataSource] is not eligible for getting processed by all BeanPostProcessors (for example: not eligible for auto-proxying)
2021-08-10 17:42:24.240  INFO 1540 --- [main] com.alibaba.druid.pool.DruidDataSource   : {dataSource-1} inited
2021-08-10 17:42:25.222  WARN 1540 --- [main] c.b.mybatisplus.mapper.AutoSqlInjector   : class com.stylefeng.guns.modular.payment.pojo.po.PaymentMerchantMethodDO ,Not found @TableId annotation, Cannot use Mybatis-Plus 'xxById' Method.
2021-08-10 17:42:25.242  WARN 1540 --- [main] c.b.mybatisplus.mapper.AutoSqlInjector   : class com.stylefeng.guns.modular.payment.pojo.po.PaymentMethodDO ,Not found @TableId annotation, Cannot use Mybatis-Plus 'xxById' Method.
2021-08-10 17:42:25.377  WARN 1540 --- [main] c.b.mybatisplus.mapper.AutoSqlInjector   : class com.stylefeng.guns.modular.payment.pojo.po.PaymentVendorDO ,Not found @TableId annotation, Cannot use Mybatis-Plus 'xxById' Method.
2021-08-10 17:42:25.472  INFO 1540 --- [main] trationDelegate$BeanPostProcessorChecker : Bean 'sqlSessionFactory' of type [org.apache.ibatis.session.defaults.DefaultSqlSessionFactory] is not eligible for getting processed by all BeanPostProcessors (for example: not eligible for auto-proxying)
2021-08-10 17:42:25.477  INFO 1540 --- [main] trationDelegate$BeanPostProcessorChecker : Bean 'sqlSessionTemplate' of type [org.mybatis.spring.SqlSessionTemplate] is not eligible for getting processed by all BeanPostProcessors (for example: not eligible for auto-proxying)
2021-08-10 17:42:25.478  INFO 1540 --- [main] trationDelegate$BeanPostProcessorChecker : Bean 'userMapper' of type [org.mybatis.spring.mapper.MapperFactoryBean] is not eligible for getting processed by all BeanPostProcessors (for example: not eligible for auto-proxying)
2021-08-10 17:42:25.481  INFO 1540 --- [main] trationDelegate$BeanPostProcessorChecker : Bean 'userMapper' of type [com.sun.proxy.$Proxy102] is not eligible for getting processed by all BeanPostProcessors (for example: not eligible for auto-proxying)
2021-08-10 17:42:25.486  INFO 1540 --- [main] trationDelegate$BeanPostProcessorChecker : Bean 'menuMapper' of type [org.mybatis.spring.mapper.MapperFactoryBean] is not eligible for getting processed by all BeanPostProcessors (for example: not eligible for auto-proxying)
2021-08-10 17:42:25.488  INFO 1540 --- [main] trationDelegate$BeanPostProcessorChecker : Bean 'menuMapper' of type [com.sun.proxy.$Proxy103] is not eligible for getting processed by all BeanPostProcessors (for example: not eligible for auto-proxying)
2021-08-10 17:42:25.492  INFO 1540 --- [main] trationDelegate$BeanPostProcessorChecker : Bean 'authApiFactory' of type [com.stylefeng.guns.core.shiro.factory.AuthApiFactory] is not eligible for getting processed by all BeanPostProcessors (for example: not eligible for auto-proxying)
2021-08-10 17:42:25.492  INFO 1540 --- [main] trationDelegate$BeanPostProcessorChecker : Bean 'webConfig' of type [com.stylefeng.guns.config.web.WebConfig$$EnhancerBySpringCGLIB$$4955fda6] is not eligible for getting processed by all BeanPostProcessors (for example: not eligible for auto-proxying)
2021-08-10 17:42:25.552  INFO 1540 --- [main] trationDelegate$BeanPostProcessorChecker : Bean 'druidStatPointcut' of type [org.springframework.aop.support.JdkRegexpMethodPointcut] is not eligible for getting processed by all BeanPostProcessors (for example: not eligible for auto-proxying)
2021-08-10 17:42:25.560  INFO 1540 --- [main] trationDelegate$BeanPostProcessorChecker : Bean 'druidStatInterceptor' of type [com.alibaba.druid.support.spring.stat.DruidStatInterceptor] is not eligible for getting processed by all BeanPostProcessors (for example: not eligible for auto-proxying)
2021-08-10 17:42:25.562  INFO 1540 --- [main] trationDelegate$BeanPostProcessorChecker : Bean 'druidStatAdvisor' of type [org.springframework.aop.support.DefaultPointcutAdvisor] is not eligible for getting processed by all BeanPostProcessors (for example: not eligible for auto-proxying)
2021-08-10 17:42:25.579  INFO 1540 --- [main] trationDelegate$BeanPostProcessorChecker : Bean 'org.springframework.retry.annotation.RetryConfiguration' of type [org.springframework.retry.annotation.RetryConfiguration$$EnhancerBySpringCGLIB$$92e08c4d] is not eligible for getting processed by all BeanPostProcessors (for example: not eligible for auto-proxying)
2021-08-10 17:42:25.635  INFO 1540 --- [main] trationDelegate$BeanPostProcessorChecker : Bean 'org.springframework.transaction.annotation.ProxyTransactionManagementConfiguration' of type [org.springframework.transaction.annotation.ProxyTransactionManagementConfiguration$$EnhancerBySpringCGLIB$$9d1cf428] is not eligible for getting processed by all BeanPostProcessors (for example: not eligible for auto-proxying)
2021-08-10 17:42:26.119  INFO 1540 --- [main] o.s.b.w.embedded.tomcat.TomcatWebServer  : Tomcat initialized with port(s): 80 (http)
2021-08-10 17:42:26.146  INFO 1540 --- [main] o.apache.catalina.core.StandardService   : Starting service [Tomcat]
2021-08-10 17:42:26.146  INFO 1540 --- [main] org.apache.catalina.core.StandardEngine  : Starting Servlet engine: [Apache Tomcat/9.0.21]
2021-08-10 17:42:26.226  INFO 1540 --- [main] o.a.c.c.C.[Tomcat].[localhost].[/]       : Initializing Spring embedded WebApplicationContext
2021-08-10 17:42:26.226  INFO 1540 --- [main] o.s.web.context.ContextLoader            : Root WebApplicationContext: initialization completed in 8769 ms
2021-08-10 17:42:26.703 ERROR 1540 --- [main] c.s.g.m.payment.access.AliHkPayAccess    : 当前partnerid2088621917774655 没有正确配置alihk cod回调解密参数
2021-08-10 17:42:26.705 ERROR 1540 --- [main] c.s.g.m.payment.access.AliHkPayAccess    : 当前partnerid2088101122136241 没有正确配置alihk cod回调解密参数
2021-08-10 17:42:28.216  INFO 1540 --- [main] o.s.c.ehcache.EhCacheManagerFactoryBean  : Initializing EhCache CacheManager
2021-08-10 17:42:28.376  INFO 1540 --- [main] pertySourcedRequestMappingHandlerMapping : Mapped URL path [/v2/api-docs] onto method [public org.springframework.http.ResponseEntity<springfox.documentation.spring.web.json.Json> springfox.documentation.swagger2.web.Swagger2Controller.getDocumentation(java.lang.String,javax.servlet.http.HttpServletRequest)]
2021-08-10 17:42:28.601  INFO 1540 --- [main] o.s.s.concurrent.ThreadPoolTaskExecutor  : Initializing ExecutorService 'applicationTaskExecutor'
2021-08-10 17:42:28.955  INFO 1540 --- [main] org.quartz.impl.StdSchedulerFactory      : Using default implementation for ThreadExecutor
2021-08-10 17:42:28.976  INFO 1540 --- [main] org.quartz.core.SchedulerSignalerImpl    : Initialized Scheduler Signaller of type: class org.quartz.core.SchedulerSignalerImpl
2021-08-10 17:42:28.977  INFO 1540 --- [main] org.quartz.core.QuartzScheduler          : Quartz Scheduler v.2.3.1 created.
2021-08-10 17:42:28.978  INFO 1540 --- [main] org.quartz.simpl.RAMJobStore             : RAMJobStore initialized.
2021-08-10 17:42:28.979  INFO 1540 --- [main] org.quartz.core.QuartzScheduler          : Scheduler meta-data: Quartz Scheduler (v2.3.1) 'quartzScheduler' with instanceId 'NON_CLUSTERED'
  Scheduler class: 'org.quartz.core.QuartzScheduler' - running locally.
  NOT STARTED.
  Currently in standby mode.
  Number of jobs executed: 0
  Using thread pool 'org.quartz.simpl.SimpleThreadPool' - with 10 threads.
  Using job-store 'org.quartz.simpl.RAMJobStore' - which does not support persistence. and is not clustered.

2021-08-10 17:42:28.980  INFO 1540 --- [main] org.quartz.impl.StdSchedulerFactory      : Quartz scheduler 'quartzScheduler' initialized from an externally provided properties instance.
2021-08-10 17:42:28.980  INFO 1540 --- [main] org.quartz.impl.StdSchedulerFactory      : Quartz scheduler version: 2.3.1
2021-08-10 17:42:28.980  INFO 1540 --- [main] org.quartz.core.QuartzScheduler          : JobFactory set to: org.springframework.scheduling.quartz.SpringBeanJobFactory@673c3930
2021-08-10 17:42:28.999  INFO 1540 --- [main] o.s.s.c.ThreadPoolTaskScheduler          : Initializing ExecutorService 'taskScheduler'
2021-08-10 17:42:29.084  INFO 1540 --- [main] d.s.w.p.DocumentationPluginsBootstrapper : Context refreshed
2021-08-10 17:42:29.110  INFO 1540 --- [main] d.s.w.p.DocumentationPluginsBootstrapper : Found 1 custom documentation plugin(s)
2021-08-10 17:42:29.155  INFO 1540 --- [main] s.d.s.w.s.ApiListingReferenceScanner     : Scanning for api listing references
2021-08-10 17:42:29.262  INFO 1540 --- [main] o.s.s.quartz.SchedulerFactoryBean        : Starting Quartz Scheduler now
2021-08-10 17:42:29.262  INFO 1540 --- [main] org.quartz.core.QuartzScheduler          : Scheduler quartzScheduler_$_NON_CLUSTERED started.
2021-08-10 17:42:29.308  INFO 1540 --- [main] o.s.b.w.embedded.tomcat.TomcatWebServer  : Tomcat started on port(s): 80 (http) with context path ''
2021-08-10 17:42:29.312  INFO 1540 --- [main] com.stylefeng.guns.GunsApplication       : Started GunsApplication in 12.763 seconds (JVM running for 21.11)
2021-08-10 17:42:34.433  INFO 1540 --- [http-nio-80-exec-1] o.a.c.c.C.[Tomcat].[localhost].[/]       : Initializing Spring DispatcherServlet 'dispatcherServlet'
2021-08-10 17:42:34.434  INFO 1540 --- [http-nio-80-exec-1] o.s.web.servlet.DispatcherServlet        : Initializing Servlet 'dispatcherServlet'
2021-08-10 17:42:34.451  INFO 1540 --- [http-nio-80-exec-1] o.s.web.servlet.DispatcherServlet        : Completed initialization in 16 ms
2021-08-10 17:42:34.487  WARN 1540 --- [http-nio-80-exec-1] o.s.web.servlet.PageNotFound             : No mapping for GET /nginx_status
2021-08-10 17:42:39.606  WARN 1540 --- [http-nio-80-exec-2] o.s.web.servlet.PageNotFound             : No mapping for GET /nginx_status
2021-08-10 17:42:44.631  WARN 1540 --- [http-nio-80-exec-3] o.s.web.servlet.PageNotFound             : No mapping for GET /nginx_status
2021-08-10 17:42:49.656  WARN 1540 --- [http-nio-80-exec-4] o.s.web.servlet.PageNotFound             : No mapping for GET /nginx_status
2021-08-10 17:42:54.689  WARN 1540 --- [http-nio-80-exec-5] o.s.web.servlet.PageNotFound             : No mapping for GET /nginx_status
2021-08-10 17:42:59.712  WARN 1540 --- [http-nio-80-exec-6] o.s.web.servlet.PageNotFound             : No mapping for GET /nginx_status
2021-08-10 17:43:04.732  WARN 1540 --- [http-nio-80-exec-7] o.s.web.servlet.PageNotFound             : No mapping for GET /nginx_status
2021-08-10 17:43:09.757  WARN 1540 --- [http-nio-80-exec-8] o.s.web.servlet.PageNotFound             : No mapping for GET /nginx_status
2021-08-10 17:43:14.775  WARN 1540 --- [http-nio-80-exec-9] o.s.web.servlet.PageNotFound             : No mapping for GET /nginx_status
2021-08-10 17:43:19.795  WARN 1540 --- [http-nio-80-exec-10] o.s.web.servlet.PageNotFound             : No mapping for GET /nginx_status
2021-08-10 17:43:24.832  WARN 1540 --- [http-nio-80-exec-11] o.s.web.servlet.PageNotFound             : No mapping for GET /nginx_status
2021-08-10 17:43:29.852  WARN 1540 --- [http-nio-80-exec-12] o.s.web.servlet.PageNotFound             : No mapping for GET /nginx_status
2021-08-10 17:43:34.872  WARN 1540 --- [http-nio-80-exec-13] o.s.web.servlet.PageNotFound             : No mapping for GET /nginx_status
2021-08-10 17:43:39.897  WARN 1540 --- [http-nio-80-exec-14] o.s.web.servlet.PageNotFound             : No mapping for GET /nginx_status
2021-08-10 17:43:44.908  WARN 1540 --- [http-nio-80-exec-15] o.s.web.servlet.PageNotFound             : No mapping for GET /nginx_status
2021-08-10 17:43:49.925  WARN 1540 --- [http-nio-80-exec-16] o.s.web.servlet.PageNotFound             : No mapping for GET /nginx_status
2021-08-10 17:43:54.952  WARN 1540 --- [http-nio-80-exec-17] o.s.web.servlet.PageNotFound             : No mapping for GET /nginx_status
2021-08-10 17:43:59.969  WARN 1540 --- [http-nio-80-exec-18] o.s.web.servlet.PageNotFound             : No mapping for GET /nginx_status
2021-08-10 17:44:04.995  WARN 1540 --- [http-nio-80-exec-19] o.s.web.servlet.PageNotFound             : No mapping for GET /nginx_status
2021-08-10 17:44:10.017  WARN 1540 --- [http-nio-80-exec-20] o.s.web.servlet.PageNotFound             : No mapping for GET /nginx_status
2021-08-10 17:44:15.035  WARN 1540 --- [http-nio-80-exec-21] o.s.web.servlet.PageNotFound             : No mapping for GET /nginx_status
2021-08-10 17:44:20.060  WARN 1540 --- [http-nio-80-exec-22] o.s.web.servlet.PageNotFound             : No mapping for GET /nginx_status
2021-08-10 17:44:25.079  WARN 1540 --- [http-nio-80-exec-23] o.s.web.servlet.PageNotFound             : No mapping for GET /nginx_status
2021-08-10 17:44:30.102  WARN 1540 --- [http-nio-80-exec-24] o.s.web.servlet.PageNotFound             : No mapping for GET /nginx_status
2021-08-10 17:44:35.125  WARN 1540 --- [http-nio-80-exec-25] o.s.web.servlet.PageNotFound             : No mapping for GET /nginx_status
2021-08-10 17:44:40.137  WARN 1540 --- [http-nio-80-exec-26] o.s.web.servlet.PageNotFound             : No mapping for GET /nginx_status
2021-08-10 17:44:45.153  WARN 1540 --- [http-nio-80-exec-27] o.s.web.servlet.PageNotFound             : No mapping for GET /nginx_status
2021-08-10 17:44:50.176  WARN 1540 --- [http-nio-80-exec-28] o.s.web.servlet.PageNotFound             : No mapping for GET /nginx_status
2021-08-10 17:44:55.192  WARN 1540 --- [http-nio-80-exec-29] o.s.web.servlet.PageNotFound             : No mapping for GET /nginx_status
2021-08-10 17:45:00.216  WARN 1540 --- [http-nio-80-exec-30] o.s.web.servlet.PageNotFound             : No mapping for GET /nginx_status
2021-08-10 17:45:05.237  WARN 1540 --- [http-nio-80-exec-31] o.s.web.servlet.PageNotFound             : No mapping for GET /nginx_status
2021-08-10 17:45:10.254  WARN 1540 --- [http-nio-80-exec-32] o.s.web.servlet.PageNotFound             : No mapping for GET /nginx_status
2021-08-10 17:45:15.275  WARN 1540 --- [http-nio-80-exec-33] o.s.web.servlet.PageNotFound             : No mapping for GET /nginx_status
2021-08-10 17:45:20.298  WARN 1540 --- [http-nio-80-exec-34] o.s.web.servlet.PageNotFound             : No mapping for GET /nginx_status
2021-08-10 17:45:25.313  WARN 1540 --- [http-nio-80-exec-35] o.s.web.servlet.PageNotFound             : No mapping for GET /nginx_status
2021-08-10 17:45:30.332  WARN 1540 --- [http-nio-80-exec-36] o.s.web.servlet.PageNotFound             : No mapping for GET /nginx_status
2021-08-10 17:45:35.346  WARN 1540 --- [http-nio-80-exec-37] o.s.web.servlet.PageNotFound             : No mapping for GET /nginx_status
2021-08-10 17:45:40.363  WARN 1540 --- [http-nio-80-exec-38] o.s.web.servlet.PageNotFound             : No mapping for GET /nginx_status
2021-08-10 17:45:45.382  WARN 1540 --- [http-nio-80-exec-39] o.s.web.servlet.PageNotFound             : No mapping for GET /nginx_status
2021-08-10 17:45:50.400  WARN 1540 --- [http-nio-80-exec-40] o.s.web.servlet.PageNotFound             : No mapping for GET /nginx_status
2021-08-10 17:45:55.415  WARN 1540 --- [http-nio-80-exec-41] o.s.web.servlet.PageNotFound             : No mapping for GET /nginx_status
2021-08-10 17:46:00.435  WARN 1540 --- [http-nio-80-exec-42] o.s.web.servlet.PageNotFound             : No mapping for GET /nginx_status
2021-08-10 17:46:05.453  WARN 1540 --- [http-nio-80-exec-43] o.s.web.servlet.PageNotFound             : No mapping for GET /nginx_status
2021-08-10 17:46:10.472  WARN 1540 --- [http-nio-80-exec-44] o.s.web.servlet.PageNotFound             : No mapping for GET /nginx_status
2021-08-10 17:46:15.495  WARN 1540 --- [http-nio-80-exec-45] o.s.web.servlet.PageNotFound             : No mapping for GET /nginx_status
2021-08-10 17:46:20.518  WARN 1540 --- [http-nio-80-exec-46] o.s.web.servlet.PageNotFound             : No mapping for GET /nginx_status
2021-08-10 17:46:25.534  WARN 1540 --- [http-nio-80-exec-47] o.s.web.servlet.PageNotFound             : No mapping for GET /nginx_status
2021-08-10 17:46:30.552  WARN 1540 --- [http-nio-80-exec-48] o.s.web.servlet.PageNotFound             : No mapping for GET /nginx_status
2021-08-10 17:46:35.574  WARN 1540 --- [http-nio-80-exec-49] o.s.web.servlet.PageNotFound             : No mapping for GET /nginx_status
2021-08-10 17:46:40.592  WARN 1540 --- [http-nio-80-exec-50] o.s.web.servlet.PageNotFound             : No mapping for GET /nginx_status
2021-08-10 17:46:45.613  WARN 1540 --- [http-nio-80-exec-51] o.s.web.servlet.PageNotFound             : No mapping for GET /nginx_status
2021-08-10 17:46:50.636  WARN 1540 --- [http-nio-80-exec-52] o.s.web.servlet.PageNotFound             : No mapping for GET /nginx_status
2021-08-10 17:46:55.653  WARN 1540 --- [http-nio-80-exec-53] o.s.web.servlet.PageNotFound             : No mapping for GET /nginx_status
2021-08-10 17:47:00.676  WARN 1540 --- [http-nio-80-exec-54] o.s.web.servlet.PageNotFound             : No mapping for GET /nginx_status
2021-08-10 17:47:05.696  WARN 1540 --- [http-nio-80-exec-55] o.s.web.servlet.PageNotFound             : No mapping for GET /nginx_status
2021-08-10 17:47:10.712  WARN 1540 --- [http-nio-80-exec-56] o.s.web.servlet.PageNotFound             : No mapping for GET /nginx_status
2021-08-10 17:47:15.729  WARN 1540 --- [http-nio-80-exec-57] o.s.web.servlet.PageNotFound             : No mapping for GET /nginx_status
2021-08-10 17:47:20.750  WARN 1540 --- [http-nio-80-exec-58] o.s.web.servlet.PageNotFound             : No mapping for GET /nginx_status
2021-08-10 17:47:25.764  WARN 1540 --- [http-nio-80-exec-59] o.s.web.servlet.PageNotFound             : No mapping for GET /nginx_status
2021-08-10 17:47:30.786  WARN 1540 --- [http-nio-80-exec-60] o.s.web.servlet.PageNotFound             : No mapping for GET /nginx_status
2021-08-10 17:47:35.805  WARN 1540 --- [http-nio-80-exec-61] o.s.web.servlet.PageNotFound             : No mapping for GET /nginx_status
2021-08-10 17:47:40.819  WARN 1540 --- [http-nio-80-exec-62] o.s.web.servlet.PageNotFound             : No mapping for GET /nginx_status
2021-08-10 17:47:45.841  WARN 1540 --- [http-nio-80-exec-63] o.s.web.servlet.PageNotFound             : No mapping for GET /nginx_status
2021-08-10 17:47:50.878  WARN 1540 --- [http-nio-80-exec-64] o.s.web.servlet.PageNotFound             : No mapping for GET /nginx_status
2021-08-10 17:47:55.890  WARN 1540 --- [http-nio-80-exec-65] o.s.web.servlet.PageNotFound             : No mapping for GET /nginx_status
2021-08-10 17:48:00.928  WARN 1540 --- [http-nio-80-exec-66] o.s.web.servlet.PageNotFound             : No mapping for GET /nginx_status
2021-08-10 17:48:05.943  WARN 1540 --- [http-nio-80-exec-67] o.s.web.servlet.PageNotFound             : No mapping for GET /nginx_status
2021-08-10 17:48:10.959  WARN 1540 --- [http-nio-80-exec-68] o.s.web.servlet.PageNotFound             : No mapping for GET /nginx_status
2021-08-10 17:48:15.975  WARN 1540 --- [http-nio-80-exec-69] o.s.web.servlet.PageNotFound             : No mapping for GET /nginx_status
2021-08-10 17:48:20.997  WARN 1540 --- [http-nio-80-exec-70] o.s.web.servlet.PageNotFound             : No mapping for GET /nginx_status
2021-08-10 17:48:26.010  WARN 1540 --- [http-nio-80-exec-71] o.s.web.servlet.PageNotFound             : No mapping for GET /nginx_status
2021-08-10 17:48:31.027  WARN 1540 --- [http-nio-80-exec-72] o.s.web.servlet.PageNotFound             : No mapping for GET /nginx_status
2021-08-10 17:48:36.042  WARN 1540 --- [http-nio-80-exec-73] o.s.web.servlet.PageNotFound             : No mapping for GET /nginx_status
2021-08-10 17:48:41.053  WARN 1540 --- [http-nio-80-exec-74] o.s.web.servlet.PageNotFound             : No mapping for GET /nginx_status
2021-08-10 17:48:46.071  WARN 1540 --- [http-nio-80-exec-75] o.s.web.servlet.PageNotFound             : No mapping for GET /nginx_status
2021-08-10 17:48:51.090  WARN 1540 --- [http-nio-80-exec-76] o.s.web.servlet.PageNotFound             : No mapping for GET /nginx_status
2021-08-10 17:48:56.109  WARN 1540 --- [http-nio-80-exec-77] o.s.web.servlet.PageNotFound             : No mapping for GET /nginx_status
2021-08-10 17:49:01.129  WARN 1540 --- [http-nio-80-exec-78] o.s.web.servlet.PageNotFound             : No mapping for GET /nginx_status
2021-08-10 17:49:06.148  WARN 1540 --- [http-nio-80-exec-79] o.s.web.servlet.PageNotFound             : No mapping for GET /nginx_status
2021-08-10 17:49:11.166  WARN 1540 --- [http-nio-80-exec-80] o.s.web.servlet.PageNotFound             : No mapping for GET /nginx_status
2021-08-10 17:49:16.183  WARN 1540 --- [http-nio-80-exec-81] o.s.web.servlet.PageNotFound             : No mapping for GET /nginx_status
2021-08-10 17:49:21.205  WARN 1540 --- [http-nio-80-exec-82] o.s.web.servlet.PageNotFound             : No mapping for GET /nginx_status
2021-08-10 17:49:26.219  WARN 1540 --- [http-nio-80-exec-83] o.s.web.servlet.PageNotFound             : No mapping for GET /nginx_status
2021-08-10 17:49:31.238  WARN 1540 --- [http-nio-80-exec-84] o.s.web.servlet.PageNotFound             : No mapping for GET /nginx_status
2021-08-10 17:49:36.254  WARN 1540 --- [http-nio-80-exec-85] o.s.web.servlet.PageNotFound             : No mapping for GET /nginx_status
2021-08-10 17:49:41.272  WARN 1540 --- [http-nio-80-exec-86] o.s.web.servlet.PageNotFound             : No mapping for GET /nginx_status
2021-08-10 17:49:46.290  WARN 1540 --- [http-nio-80-exec-87] o.s.web.servlet.PageNotFound             : No mapping for GET /nginx_status
2021-08-10 17:49:51.311  WARN 1540 --- [http-nio-80-exec-88] o.s.web.servlet.PageNotFound             : No mapping for GET /nginx_status
2021-08-10 17:49:56.328  WARN 1540 --- [http-nio-80-exec-89] o.s.web.servlet.PageNotFound             : No mapping for GET /nginx_status
2021-08-10 17:50:01.344  WARN 1540 --- [http-nio-80-exec-90] o.s.web.servlet.PageNotFound             : No mapping for GET /nginx_status
2021-08-10 17:50:06.363  WARN 1540 --- [http-nio-80-exec-91] o.s.web.servlet.PageNotFound             : No mapping for GET /nginx_status
2021-08-10 17:50:11.378  WARN 1540 --- [http-nio-80-exec-92] o.s.web.servlet.PageNotFound             : No mapping for GET /nginx_status
2021-08-10 17:50:16.395  WARN 1540 --- [http-nio-80-exec-93] o.s.web.servlet.PageNotFound             : No mapping for GET /nginx_status
2021-08-10 17:50:21.415  WARN 1540 --- [http-nio-80-exec-94] o.s.web.servlet.PageNotFound             : No mapping for GET /nginx_status
2021-08-10 17:50:26.429  WARN 1540 --- [http-nio-80-exec-95] o.s.web.servlet.PageNotFound             : No mapping for GET /nginx_status
2021-08-10 17:50:31.439  WARN 1540 --- [http-nio-80-exec-96] o.s.web.servlet.PageNotFound             : No mapping for GET /nginx_status
2021-08-10 17:50:36.455  WARN 1540 --- [http-nio-80-exec-97] o.s.web.servlet.PageNotFound             : No mapping for GET /nginx_status
2021-08-10 17:50:37.922  INFO 1540 --- [Thread-19] org.quartz.core.QuartzScheduler          : Scheduler quartzScheduler_$_NON_CLUSTERED paused.
2021-08-10 17:50:37.926  INFO 1540 --- [Thread-19] o.s.s.c.ThreadPoolTaskScheduler          : Shutting down ExecutorService 'taskScheduler'
2021-08-10 17:50:37.927  INFO 1540 --- [Thread-19] o.s.s.quartz.SchedulerFactoryBean        : Shutting down Quartz Scheduler
2021-08-10 17:50:37.927  INFO 1540 --- [Thread-19] org.quartz.core.QuartzScheduler          : Scheduler quartzScheduler_$_NON_CLUSTERED shutting down.
2021-08-10 17:50:37.928  INFO 1540 --- [Thread-19] org.quartz.core.QuartzScheduler          : Scheduler quartzScheduler_$_NON_CLUSTERED paused.
2021-08-10 17:50:37.930  INFO 1540 --- [Thread-19] org.quartz.core.QuartzScheduler          : Scheduler quartzScheduler_$_NON_CLUSTERED shutdown complete.
2021-08-10 17:50:37.931  INFO 1540 --- [Thread-19] o.s.s.concurrent.ThreadPoolTaskExecutor  : Shutting down ExecutorService 'applicationTaskExecutor'
2021-08-10 17:50:37.932  INFO 1540 --- [Thread-19] o.s.c.ehcache.EhCacheManagerFactoryBean  : Shutting down EhCache CacheManager
2021-08-10 17:50:37.953  INFO 1540 --- [Thread-19] com.alibaba.druid.pool.DruidDataSource   : {dataSource-1} closed
2021-08-10 17:50:52.177  INFO 2112 --- [main] com.stylefeng.guns.GunsApplication       : Starting GunsApplication on IT-MacBook-6921.local with PID 2112 (/Users/p6317/Documents/project/java/payment/api/src/payment-admin/target/classes started by p6317 in /Users/p6317/Documents/project/java/payment/api)
2021-08-10 17:50:52.181  INFO 2112 --- [main] com.stylefeng.guns.GunsApplication       : The following profiles are active: uat
2021-08-10 17:50:52.248  INFO 2112 --- [main] .e.DevToolsPropertyDefaultsPostProcessor : For additional web related logging consider setting the 'logging.level.web' property to 'DEBUG'
2021-08-10 17:50:53.718  INFO 2112 --- [main] trationDelegate$BeanPostProcessorChecker : Bean 'gunsProperties' of type [com.stylefeng.guns.config.properties.GunsProperties] is not eligible for getting processed by all BeanPostProcessors (for example: not eligible for auto-proxying)
2021-08-10 17:50:53.720  INFO 2112 --- [main] trationDelegate$BeanPostProcessorChecker : Bean 'restConfig' of type [com.stylefeng.guns.config.RestConfig$$EnhancerBySpringCGLIB$$1652fd85] is not eligible for getting processed by all BeanPostProcessors (for example: not eligible for auto-proxying)
2021-08-10 17:50:53.794  INFO 2112 --- [main] trationDelegate$BeanPostProcessorChecker : Bean 'restTemplateBuilder' of type [org.springframework.boot.web.client.RestTemplateBuilder] is not eligible for getting processed by all BeanPostProcessors (for example: not eligible for auto-proxying)
2021-08-10 17:50:53.976  INFO 2112 --- [main] trationDelegate$BeanPostProcessorChecker : Bean 'clientHttpRequestFactory' of type [org.springframework.http.client.HttpComponentsClientHttpRequestFactory] is not eligible for getting processed by all BeanPostProcessors (for example: not eligible for auto-proxying)
2021-08-10 17:50:53.978  INFO 2112 --- [main] trationDelegate$BeanPostProcessorChecker : Bean 'restTemplate' of type [com.stylefeng.guns.modular.payment.common.utils.RestTempleteAware] is not eligible for getting processed by all BeanPostProcessors (for example: not eligible for auto-proxying)
2021-08-10 17:50:53.980  INFO 2112 --- [main] trationDelegate$BeanPostProcessorChecker : Bean 'defaultClientCache' of type [com.stylefeng.guns.modular.sso.service.DefaultClientCache] is not eligible for getting processed by all BeanPostProcessors (for example: not eligible for auto-proxying)
2021-08-10 17:50:53.982  INFO 2112 --- [main] trationDelegate$BeanPostProcessorChecker : Bean 'com.stylefeng.sso.plugin.config.SsoAutoConfiguration' of type [com.stylefeng.sso.plugin.config.SsoAutoConfiguration$$EnhancerBySpringCGLIB$$4ab8c8a6] is not eligible for getting processed by all BeanPostProcessors (for example: not eligible for auto-proxying)
2021-08-10 17:50:53.985  INFO 2112 --- [main] trationDelegate$BeanPostProcessorChecker : Bean 'springContextHolder' of type [com.stylefeng.sso.plugin.util.SsoSpringContextHolder] is not eligible for getting processed by all BeanPostProcessors (for example: not eligible for auto-proxying)
2021-08-10 17:50:54.058  INFO 2112 --- [main] trationDelegate$BeanPostProcessorChecker : Bean 'mybatis-plus-com.baomidou.mybatisplus.spring.boot.starter.MybatisPlusProperties' of type [com.baomidou.mybatisplus.spring.boot.starter.MybatisPlusProperties] is not eligible for getting processed by all BeanPostProcessors (for example: not eligible for auto-proxying)
2021-08-10 17:50:54.065  INFO 2112 --- [main] trationDelegate$BeanPostProcessorChecker : Bean 'singleDataSourceConfig' of type [com.stylefeng.guns.config.datasource.SingleDataSourceConfig$$EnhancerBySpringCGLIB$$d5247461] is not eligible for getting processed by all BeanPostProcessors (for example: not eligible for auto-proxying)
2021-08-10 17:50:54.071  INFO 2112 --- [main] trationDelegate$BeanPostProcessorChecker : Bean 'paginationInterceptor' of type [com.baomidou.mybatisplus.plugins.PaginationInterceptor] is not eligible for getting processed by all BeanPostProcessors (for example: not eligible for auto-proxying)
2021-08-10 17:50:54.073  INFO 2112 --- [main] trationDelegate$BeanPostProcessorChecker : Bean 'dataScopeInterceptor' of type [com.stylefeng.guns.core.datascope.DataScopeInterceptor] is not eligible for getting processed by all BeanPostProcessors (for example: not eligible for auto-proxying)
2021-08-10 17:50:54.075  INFO 2112 --- [main] trationDelegate$BeanPostProcessorChecker : Bean 'optimisticLockerInterceptor' of type [com.baomidou.mybatisplus.plugins.OptimisticLockerInterceptor] is not eligible for getting processed by all BeanPostProcessors (for example: not eligible for auto-proxying)
2021-08-10 17:50:54.082  INFO 2112 --- [main] trationDelegate$BeanPostProcessorChecker : Bean 'com.baomidou.mybatisplus.spring.boot.starter.MybatisPlusAutoConfiguration' of type [com.baomidou.mybatisplus.spring.boot.starter.MybatisPlusAutoConfiguration$$EnhancerBySpringCGLIB$$f22e2f64] is not eligible for getting processed by all BeanPostProcessors (for example: not eligible for auto-proxying)
2021-08-10 17:50:54.087  INFO 2112 --- [main] trationDelegate$BeanPostProcessorChecker : Bean 'com.stylefeng.guns.core.config.DefaultProperties' of type [com.stylefeng.guns.core.config.DefaultProperties$$EnhancerBySpringCGLIB$$3c1ec1a] is not eligible for getting processed by all BeanPostProcessors (for example: not eligible for auto-proxying)
2021-08-10 17:50:54.096  INFO 2112 --- [main] trationDelegate$BeanPostProcessorChecker : Bean 'druidProperties' of type [com.stylefeng.guns.core.config.properties.DruidProperties] is not eligible for getting processed by all BeanPostProcessors (for example: not eligible for auto-proxying)
2021-08-10 17:50:54.145  INFO 2112 --- [main] trationDelegate$BeanPostProcessorChecker : Bean 'dataSource' of type [com.alibaba.druid.pool.DruidDataSource] is not eligible for getting processed by all BeanPostProcessors (for example: not eligible for auto-proxying)
2021-08-10 17:50:59.134  INFO 2112 --- [main] com.alibaba.druid.pool.DruidDataSource   : {dataSource-1} inited
2021-08-10 17:51:00.235  WARN 2112 --- [main] c.b.mybatisplus.mapper.AutoSqlInjector   : class com.stylefeng.guns.modular.payment.pojo.po.PaymentMerchantMethodDO ,Not found @TableId annotation, Cannot use Mybatis-Plus 'xxById' Method.
2021-08-10 17:51:00.253  WARN 2112 --- [main] c.b.mybatisplus.mapper.AutoSqlInjector   : class com.stylefeng.guns.modular.payment.pojo.po.PaymentMethodDO ,Not found @TableId annotation, Cannot use Mybatis-Plus 'xxById' Method.
2021-08-10 17:51:00.381  WARN 2112 --- [main] c.b.mybatisplus.mapper.AutoSqlInjector   : class com.stylefeng.guns.modular.payment.pojo.po.PaymentVendorDO ,Not found @TableId annotation, Cannot use Mybatis-Plus 'xxById' Method.
2021-08-10 17:51:00.470  INFO 2112 --- [main] trationDelegate$BeanPostProcessorChecker : Bean 'sqlSessionFactory' of type [org.apache.ibatis.session.defaults.DefaultSqlSessionFactory] is not eligible for getting processed by all BeanPostProcessors (for example: not eligible for auto-proxying)
2021-08-10 17:51:00.475  INFO 2112 --- [main] trationDelegate$BeanPostProcessorChecker : Bean 'sqlSessionTemplate' of type [org.mybatis.spring.SqlSessionTemplate] is not eligible for getting processed by all BeanPostProcessors (for example: not eligible for auto-proxying)
2021-08-10 17:51:00.476  INFO 2112 --- [main] trationDelegate$BeanPostProcessorChecker : Bean 'userMapper' of type [org.mybatis.spring.mapper.MapperFactoryBean] is not eligible for getting processed by all BeanPostProcessors (for example: not eligible for auto-proxying)
2021-08-10 17:51:00.480  INFO 2112 --- [main] trationDelegate$BeanPostProcessorChecker : Bean 'userMapper' of type [com.sun.proxy.$Proxy102] is not eligible for getting processed by all BeanPostProcessors (for example: not eligible for auto-proxying)
2021-08-10 17:51:00.485  INFO 2112 --- [main] trationDelegate$BeanPostProcessorChecker : Bean 'menuMapper' of type [org.mybatis.spring.mapper.MapperFactoryBean] is not eligible for getting processed by all BeanPostProcessors (for example: not eligible for auto-proxying)
2021-08-10 17:51:00.488  INFO 2112 --- [main] trationDelegate$BeanPostProcessorChecker : Bean 'menuMapper' of type [com.sun.proxy.$Proxy103] is not eligible for getting processed by all BeanPostProcessors (for example: not eligible for auto-proxying)
2021-08-10 17:51:00.492  INFO 2112 --- [main] trationDelegate$BeanPostProcessorChecker : Bean 'authApiFactory' of type [com.stylefeng.guns.core.shiro.factory.AuthApiFactory] is not eligible for getting processed by all BeanPostProcessors (for example: not eligible for auto-proxying)
2021-08-10 17:51:00.492  INFO 2112 --- [main] trationDelegate$BeanPostProcessorChecker : Bean 'webConfig' of type [com.stylefeng.guns.config.web.WebConfig$$EnhancerBySpringCGLIB$$50c79a85] is not eligible for getting processed by all BeanPostProcessors (for example: not eligible for auto-proxying)
2021-08-10 17:51:00.557  INFO 2112 --- [main] trationDelegate$BeanPostProcessorChecker : Bean 'druidStatPointcut' of type [org.springframework.aop.support.JdkRegexpMethodPointcut] is not eligible for getting processed by all BeanPostProcessors (for example: not eligible for auto-proxying)
2021-08-10 17:51:00.567  INFO 2112 --- [main] trationDelegate$BeanPostProcessorChecker : Bean 'druidStatInterceptor' of type [com.alibaba.druid.support.spring.stat.DruidStatInterceptor] is not eligible for getting processed by all BeanPostProcessors (for example: not eligible for auto-proxying)
2021-08-10 17:51:00.568  INFO 2112 --- [main] trationDelegate$BeanPostProcessorChecker : Bean 'druidStatAdvisor' of type [org.springframework.aop.support.DefaultPointcutAdvisor] is not eligible for getting processed by all BeanPostProcessors (for example: not eligible for auto-proxying)
2021-08-10 17:51:00.594  INFO 2112 --- [main] trationDelegate$BeanPostProcessorChecker : Bean 'org.springframework.retry.annotation.RetryConfiguration' of type [org.springframework.retry.annotation.RetryConfiguration$$EnhancerBySpringCGLIB$$9a52292c] is not eligible for getting processed by all BeanPostProcessors (for example: not eligible for auto-proxying)
2021-08-10 17:51:00.646  INFO 2112 --- [main] trationDelegate$BeanPostProcessorChecker : Bean 'org.springframework.transaction.annotation.ProxyTransactionManagementConfiguration' of type [org.springframework.transaction.annotation.ProxyTransactionManagementConfiguration$$EnhancerBySpringCGLIB$$a48e9107] is not eligible for getting processed by all BeanPostProcessors (for example: not eligible for auto-proxying)
2021-08-10 17:51:01.140  INFO 2112 --- [main] o.s.b.w.embedded.tomcat.TomcatWebServer  : Tomcat initialized with port(s): 80 (http)
2021-08-10 17:51:01.171  INFO 2112 --- [main] o.apache.catalina.core.StandardService   : Starting service [Tomcat]
2021-08-10 17:51:01.171  INFO 2112 --- [main] org.apache.catalina.core.StandardEngine  : Starting Servlet engine: [Apache Tomcat/9.0.21]
2021-08-10 17:51:01.272  INFO 2112 --- [main] o.a.c.c.C.[Tomcat].[localhost].[/]       : Initializing Spring embedded WebApplicationContext
2021-08-10 17:51:01.272  INFO 2112 --- [main] o.s.web.context.ContextLoader            : Root WebApplicationContext: initialization completed in 9024 ms
2021-08-10 17:51:01.898 ERROR 2112 --- [main] c.s.g.m.payment.access.AliHkPayAccess    : 当前partnerid2088621917774655 没有正确配置alihk cod回调解密参数
2021-08-10 17:51:01.899 ERROR 2112 --- [main] c.s.g.m.payment.access.AliHkPayAccess    : 当前partnerid2088101122136241 没有正确配置alihk cod回调解密参数
2021-08-10 17:51:03.399  INFO 2112 --- [main] o.s.c.ehcache.EhCacheManagerFactoryBean  : Initializing EhCache CacheManager
2021-08-10 17:51:03.553  INFO 2112 --- [main] pertySourcedRequestMappingHandlerMapping : Mapped URL path [/v2/api-docs] onto method [public org.springframework.http.ResponseEntity<springfox.documentation.spring.web.json.Json> springfox.documentation.swagger2.web.Swagger2Controller.getDocumentation(java.lang.String,javax.servlet.http.HttpServletRequest)]
2021-08-10 17:51:03.788  INFO 2112 --- [main] o.s.s.concurrent.ThreadPoolTaskExecutor  : Initializing ExecutorService 'applicationTaskExecutor'
2021-08-10 17:51:04.132  INFO 2112 --- [main] org.quartz.impl.StdSchedulerFactory      : Using default implementation for ThreadExecutor
2021-08-10 17:51:04.151  INFO 2112 --- [main] org.quartz.core.SchedulerSignalerImpl    : Initialized Scheduler Signaller of type: class org.quartz.core.SchedulerSignalerImpl
2021-08-10 17:51:04.152  INFO 2112 --- [main] org.quartz.core.QuartzScheduler          : Quartz Scheduler v.2.3.1 created.
2021-08-10 17:51:04.153  INFO 2112 --- [main] org.quartz.simpl.RAMJobStore             : RAMJobStore initialized.
2021-08-10 17:51:04.154  INFO 2112 --- [main] org.quartz.core.QuartzScheduler          : Scheduler meta-data: Quartz Scheduler (v2.3.1) 'quartzScheduler' with instanceId 'NON_CLUSTERED'
  Scheduler class: 'org.quartz.core.QuartzScheduler' - running locally.
  NOT STARTED.
  Currently in standby mode.
  Number of jobs executed: 0
  Using thread pool 'org.quartz.simpl.SimpleThreadPool' - with 10 threads.
  Using job-store 'org.quartz.simpl.RAMJobStore' - which does not support persistence. and is not clustered.

2021-08-10 17:51:04.154  INFO 2112 --- [main] org.quartz.impl.StdSchedulerFactory      : Quartz scheduler 'quartzScheduler' initialized from an externally provided properties instance.
2021-08-10 17:51:04.154  INFO 2112 --- [main] org.quartz.impl.StdSchedulerFactory      : Quartz scheduler version: 2.3.1
2021-08-10 17:51:04.154  INFO 2112 --- [main] org.quartz.core.QuartzScheduler          : JobFactory set to: org.springframework.scheduling.quartz.SpringBeanJobFactory@287cbba5
2021-08-10 17:51:04.184  INFO 2112 --- [main] o.s.s.c.ThreadPoolTaskScheduler          : Initializing ExecutorService 'taskScheduler'
2021-08-10 17:51:04.271  INFO 2112 --- [main] d.s.w.p.DocumentationPluginsBootstrapper : Context refreshed
2021-08-10 17:51:04.293  INFO 2112 --- [main] d.s.w.p.DocumentationPluginsBootstrapper : Found 1 custom documentation plugin(s)
2021-08-10 17:51:04.335  INFO 2112 --- [main] s.d.s.w.s.ApiListingReferenceScanner     : Scanning for api listing references
2021-08-10 17:51:04.428  INFO 2112 --- [main] o.s.s.quartz.SchedulerFactoryBean        : Starting Quartz Scheduler now
2021-08-10 17:51:04.429  INFO 2112 --- [main] org.quartz.core.QuartzScheduler          : Scheduler quartzScheduler_$_NON_CLUSTERED started.
2021-08-10 17:51:04.468  INFO 2112 --- [main] o.s.b.w.embedded.tomcat.TomcatWebServer  : Tomcat started on port(s): 80 (http) with context path ''
2021-08-10 17:51:04.472  INFO 2112 --- [main] com.stylefeng.guns.GunsApplication       : Started GunsApplication in 13.076 seconds (JVM running for 21.594)
2021-08-10 17:51:20.069  INFO 2112 --- [http-nio-80-exec-1] o.a.c.c.C.[Tomcat].[localhost].[/]       : Initializing Spring DispatcherServlet 'dispatcherServlet'
2021-08-10 17:51:20.070  INFO 2112 --- [http-nio-80-exec-1] o.s.web.servlet.DispatcherServlet        : Initializing Servlet 'dispatcherServlet'
2021-08-10 17:51:20.088  INFO 2112 --- [http-nio-80-exec-1] o.s.web.servlet.DispatcherServlet        : Completed initialization in 18 ms
2021-08-10 17:51:20.123  WARN 2112 --- [http-nio-80-exec-1] o.s.web.servlet.PageNotFound             : No mapping for GET /nginx_status
2021-08-10 17:51:25.244  WARN 2112 --- [http-nio-80-exec-2] o.s.web.servlet.PageNotFound             : No mapping for GET /nginx_status
2021-08-10 17:51:30.285  WARN 2112 --- [http-nio-80-exec-3] o.s.web.servlet.PageNotFound             : No mapping for GET /nginx_status
2021-08-10 17:51:35.315  WARN 2112 --- [http-nio-80-exec-4] o.s.web.servlet.PageNotFound             : No mapping for GET /nginx_status
2021-08-10 17:51:40.339  WARN 2112 --- [http-nio-80-exec-5] o.s.web.servlet.PageNotFound             : No mapping for GET /nginx_status
2021-08-10 17:51:45.362  WARN 2112 --- [http-nio-80-exec-6] o.s.web.servlet.PageNotFound             : No mapping for GET /nginx_status
2021-08-10 17:51:50.388  WARN 2112 --- [http-nio-80-exec-7] o.s.web.servlet.PageNotFound             : No mapping for GET /nginx_status
2021-08-10 17:51:55.405  WARN 2112 --- [http-nio-80-exec-8] o.s.web.servlet.PageNotFound             : No mapping for GET /nginx_status
2021-08-10 17:52:00.434  WARN 2112 --- [http-nio-80-exec-9] o.s.web.servlet.PageNotFound             : No mapping for GET /nginx_status
2021-08-10 17:52:05.457  WARN 2112 --- [http-nio-80-exec-10] o.s.web.servlet.PageNotFound             : No mapping for GET /nginx_status
2021-08-10 17:52:10.474  WARN 2112 --- [http-nio-80-exec-11] o.s.web.servlet.PageNotFound             : No mapping for GET /nginx_status
2021-08-10 17:52:15.499  WARN 2112 --- [http-nio-80-exec-12] o.s.web.servlet.PageNotFound             : No mapping for GET /nginx_status
2021-08-10 17:52:20.525  WARN 2112 --- [http-nio-80-exec-13] o.s.web.servlet.PageNotFound             : No mapping for GET /nginx_status
2021-08-10 17:52:25.541  WARN 2112 --- [http-nio-80-exec-14] o.s.web.servlet.PageNotFound             : No mapping for GET /nginx_status
2021-08-10 17:52:30.559  WARN 2112 --- [http-nio-80-exec-15] o.s.web.servlet.PageNotFound             : No mapping for GET /nginx_status
2021-08-10 17:52:35.583  WARN 2112 --- [http-nio-80-exec-16] o.s.web.servlet.PageNotFound             : No mapping for GET /nginx_status
2021-08-10 17:52:40.603  WARN 2112 --- [http-nio-80-exec-17] o.s.web.servlet.PageNotFound             : No mapping for GET /nginx_status
2021-08-10 17:52:45.627  WARN 2112 --- [http-nio-80-exec-18] o.s.web.servlet.PageNotFound             : No mapping for GET /nginx_status
2021-08-10 17:52:50.648  WARN 2112 --- [http-nio-80-exec-19] o.s.web.servlet.PageNotFound             : No mapping for GET /nginx_status
2021-08-10 17:52:55.661  WARN 2112 --- [http-nio-80-exec-20] o.s.web.servlet.PageNotFound             : No mapping for GET /nginx_status
2021-08-10 17:53:00.681  WARN 2112 --- [http-nio-80-exec-21] o.s.web.servlet.PageNotFound             : No mapping for GET /nginx_status
2021-08-10 17:53:05.701  WARN 2112 --- [http-nio-80-exec-22] o.s.web.servlet.PageNotFound             : No mapping for GET /nginx_status
2021-08-10 17:53:10.715  WARN 2112 --- [http-nio-80-exec-23] o.s.web.servlet.PageNotFound             : No mapping for GET /nginx_status
2021-08-10 17:53:15.728  WARN 2112 --- [http-nio-80-exec-24] o.s.web.servlet.PageNotFound             : No mapping for GET /nginx_status
2021-08-10 17:53:20.747  WARN 2112 --- [http-nio-80-exec-25] o.s.web.servlet.PageNotFound             : No mapping for GET /nginx_status
2021-08-10 17:53:25.765  WARN 2112 --- [http-nio-80-exec-26] o.s.web.servlet.PageNotFound             : No mapping for GET /nginx_status
2021-08-10 17:53:30.790  WARN 2112 --- [http-nio-80-exec-27] o.s.web.servlet.PageNotFound             : No mapping for GET /nginx_status
2021-08-10 17:53:35.814  WARN 2112 --- [http-nio-80-exec-28] o.s.web.servlet.PageNotFound             : No mapping for GET /nginx_status
2021-08-10 17:53:40.829  WARN 2112 --- [http-nio-80-exec-29] o.s.web.servlet.PageNotFound             : No mapping for GET /nginx_status
2021-08-10 17:53:45.847  WARN 2112 --- [http-nio-80-exec-30] o.s.web.servlet.PageNotFound             : No mapping for GET /nginx_status
2021-08-10 17:53:50.870  WARN 2112 --- [http-nio-80-exec-31] o.s.web.servlet.PageNotFound             : No mapping for GET /nginx_status
2021-08-10 17:53:55.890  WARN 2112 --- [http-nio-80-exec-32] o.s.web.servlet.PageNotFound             : No mapping for GET /nginx_status
2021-08-10 17:54:00.910  WARN 2112 --- [http-nio-80-exec-33] o.s.web.servlet.PageNotFound             : No mapping for GET /nginx_status
2021-08-10 17:54:05.935  WARN 2112 --- [http-nio-80-exec-34] o.s.web.servlet.PageNotFound             : No mapping for GET /nginx_status
2021-08-10 17:54:10.952  WARN 2112 --- [http-nio-80-exec-35] o.s.web.servlet.PageNotFound             : No mapping for GET /nginx_status
2021-08-10 17:54:15.971  WARN 2112 --- [http-nio-80-exec-36] o.s.web.servlet.PageNotFound             : No mapping for GET /nginx_status
2021-08-10 17:54:20.989  WARN 2112 --- [http-nio-80-exec-37] o.s.web.servlet.PageNotFound             : No mapping for GET /nginx_status
2021-08-10 17:54:26.002  WARN 2112 --- [http-nio-80-exec-38] o.s.web.servlet.PageNotFound             : No mapping for GET /nginx_status
2021-08-10 17:54:31.022  WARN 2112 --- [http-nio-80-exec-39] o.s.web.servlet.PageNotFound             : No mapping for GET /nginx_status
2021-08-10 17:54:36.044  WARN 2112 --- [http-nio-80-exec-40] o.s.web.servlet.PageNotFound             : No mapping for GET /nginx_status
2021-08-10 17:54:41.063  WARN 2112 --- [http-nio-80-exec-41] o.s.web.servlet.PageNotFound             : No mapping for GET /nginx_status
2021-08-10 17:54:46.084  WARN 2112 --- [http-nio-80-exec-42] o.s.web.servlet.PageNotFound             : No mapping for GET /nginx_status
2021-08-10 17:54:51.136  WARN 2112 --- [http-nio-80-exec-43] o.s.web.servlet.PageNotFound             : No mapping for GET /nginx_status
2021-08-10 17:54:56.145  WARN 2112 --- [http-nio-80-exec-44] o.s.web.servlet.PageNotFound             : No mapping for GET /nginx_status
2021-08-10 17:55:01.158  WARN 2112 --- [http-nio-80-exec-45] o.s.web.servlet.PageNotFound             : No mapping for GET /nginx_status
2021-08-10 17:55:06.171  WARN 2112 --- [http-nio-80-exec-46] o.s.web.servlet.PageNotFound             : No mapping for GET /nginx_status
2021-08-10 17:55:11.178  WARN 2112 --- [http-nio-80-exec-47] o.s.web.servlet.PageNotFound             : No mapping for GET /nginx_status
2021-08-10 17:55:16.189  WARN 2112 --- [http-nio-80-exec-48] o.s.web.servlet.PageNotFound             : No mapping for GET /nginx_status
2021-08-10 17:55:21.202  WARN 2112 --- [http-nio-80-exec-49] o.s.web.servlet.PageNotFound             : No mapping for GET /nginx_status
2021-08-10 17:55:26.210  WARN 2112 --- [http-nio-80-exec-50] o.s.web.servlet.PageNotFound             : No mapping for GET /nginx_status
2021-08-10 17:55:31.218  WARN 2112 --- [http-nio-80-exec-51] o.s.web.servlet.PageNotFound             : No mapping for GET /nginx_status
2021-08-10 17:55:36.229  WARN 2112 --- [http-nio-80-exec-52] o.s.web.servlet.PageNotFound             : No mapping for GET /nginx_status
2021-08-10 17:55:41.238  WARN 2112 --- [http-nio-80-exec-53] o.s.web.servlet.PageNotFound             : No mapping for GET /nginx_status
2021-08-10 17:55:46.246  WARN 2112 --- [http-nio-80-exec-54] o.s.web.servlet.PageNotFound             : No mapping for GET /nginx_status
2021-08-10 17:55:51.255  WARN 2112 --- [http-nio-80-exec-55] o.s.web.servlet.PageNotFound             : No mapping for GET /nginx_status
2021-08-10 17:55:56.271  WARN 2112 --- [http-nio-80-exec-56] o.s.web.servlet.PageNotFound             : No mapping for GET /nginx_status
2021-08-10 17:56:01.292  WARN 2112 --- [http-nio-80-exec-57] o.s.web.servlet.PageNotFound             : No mapping for GET /nginx_status
2021-08-10 17:56:06.312  WARN 2112 --- [http-nio-80-exec-58] o.s.web.servlet.PageNotFound             : No mapping for GET /nginx_status
2021-08-10 17:56:11.328  WARN 2112 --- [http-nio-80-exec-59] o.s.web.servlet.PageNotFound             : No mapping for GET /nginx_status
2021-08-10 17:56:16.351  WARN 2112 --- [http-nio-80-exec-60] o.s.web.servlet.PageNotFound             : No mapping for GET /nginx_status
2021-08-10 17:56:21.370  WARN 2112 --- [http-nio-80-exec-61] o.s.web.servlet.PageNotFound             : No mapping for GET /nginx_status
2021-08-10 17:56:26.388  WARN 2112 --- [http-nio-80-exec-62] o.s.web.servlet.PageNotFound             : No mapping for GET /nginx_status
2021-08-10 17:56:31.407  WARN 2112 --- [http-nio-80-exec-63] o.s.web.servlet.PageNotFound             : No mapping for GET /nginx_status
2021-08-10 17:56:36.426  WARN 2112 --- [http-nio-80-exec-64] o.s.web.servlet.PageNotFound             : No mapping for GET /nginx_status
2021-08-10 17:56:41.445  WARN 2112 --- [http-nio-80-exec-65] o.s.web.servlet.PageNotFound             : No mapping for GET /nginx_status
2021-08-10 17:56:46.460  WARN 2112 --- [http-nio-80-exec-66] o.s.web.servlet.PageNotFound             : No mapping for GET /nginx_status
2021-08-10 17:56:51.481  WARN 2112 --- [http-nio-80-exec-67] o.s.web.servlet.PageNotFound             : No mapping for GET /nginx_status
2021-08-10 17:56:56.497  WARN 2112 --- [http-nio-80-exec-68] o.s.web.servlet.PageNotFound             : No mapping for GET /nginx_status
2021-08-10 17:57:01.516  WARN 2112 --- [http-nio-80-exec-69] o.s.web.servlet.PageNotFound             : No mapping for GET /nginx_status
2021-08-10 17:57:06.538  WARN 2112 --- [http-nio-80-exec-70] o.s.web.servlet.PageNotFound             : No mapping for GET /nginx_status
2021-08-10 17:57:11.555  WARN 2112 --- [http-nio-80-exec-71] o.s.web.servlet.PageNotFound             : No mapping for GET /nginx_status
2021-08-10 17:57:16.574  WARN 2112 --- [http-nio-80-exec-72] o.s.web.servlet.PageNotFound             : No mapping for GET /nginx_status
2021-08-10 17:57:21.597  WARN 2112 --- [http-nio-80-exec-73] o.s.web.servlet.PageNotFound             : No mapping for GET /nginx_status
2021-08-10 17:57:26.615  WARN 2112 --- [http-nio-80-exec-74] o.s.web.servlet.PageNotFound             : No mapping for GET /nginx_status
2021-08-10 17:57:31.635  WARN 2112 --- [http-nio-80-exec-75] o.s.web.servlet.PageNotFound             : No mapping for GET /nginx_status
2021-08-10 17:57:36.655  WARN 2112 --- [http-nio-80-exec-76] o.s.web.servlet.PageNotFound             : No mapping for GET /nginx_status
2021-08-10 17:57:41.667  WARN 2112 --- [http-nio-80-exec-77] o.s.web.servlet.PageNotFound             : No mapping for GET /nginx_status
2021-08-10 17:57:46.684  WARN 2112 --- [http-nio-80-exec-78] o.s.web.servlet.PageNotFound             : No mapping for GET /nginx_status
2021-08-10 17:57:51.706  WARN 2112 --- [http-nio-80-exec-79] o.s.web.servlet.PageNotFound             : No mapping for GET /nginx_status
2021-08-10 17:57:56.722  WARN 2112 --- [http-nio-80-exec-80] o.s.web.servlet.PageNotFound             : No mapping for GET /nginx_status
2021-08-10 17:58:01.744  WARN 2112 --- [http-nio-80-exec-81] o.s.web.servlet.PageNotFound             : No mapping for GET /nginx_status
2021-08-10 17:58:06.763  WARN 2112 --- [http-nio-80-exec-82] o.s.web.servlet.PageNotFound             : No mapping for GET /nginx_status
2021-08-10 17:58:11.781  WARN 2112 --- [http-nio-80-exec-83] o.s.web.servlet.PageNotFound             : No mapping for GET /nginx_status
2021-08-10 17:58:16.797  WARN 2112 --- [http-nio-80-exec-84] o.s.web.servlet.PageNotFound             : No mapping for GET /nginx_status
2021-08-10 17:58:21.813  WARN 2112 --- [http-nio-80-exec-85] o.s.web.servlet.PageNotFound             : No mapping for GET /nginx_status
2021-08-10 17:58:26.823  WARN 2112 --- [http-nio-80-exec-86] o.s.web.servlet.PageNotFound             : No mapping for GET /nginx_status
2021-08-10 17:58:31.839  WARN 2112 --- [http-nio-80-exec-87] o.s.web.servlet.PageNotFound             : No mapping for GET /nginx_status
2021-08-10 17:58:36.855  WARN 2112 --- [http-nio-80-exec-88] o.s.web.servlet.PageNotFound             : No mapping for GET /nginx_status
2021-08-10 17:58:41.871  WARN 2112 --- [http-nio-80-exec-89] o.s.web.servlet.PageNotFound             : No mapping for GET /nginx_status
2021-08-10 17:58:46.886  WARN 2112 --- [http-nio-80-exec-90] o.s.web.servlet.PageNotFound             : No mapping for GET /nginx_status
2021-08-10 17:58:51.906  WARN 2112 --- [http-nio-80-exec-91] o.s.web.servlet.PageNotFound             : No mapping for GET /nginx_status
2021-08-10 17:58:56.924  WARN 2112 --- [http-nio-80-exec-92] o.s.web.servlet.PageNotFound             : No mapping for GET /nginx_status
2021-08-10 17:59:01.946  WARN 2112 --- [http-nio-80-exec-93] o.s.web.servlet.PageNotFound             : No mapping for GET /nginx_status
2021-08-10 17:59:06.964  WARN 2112 --- [http-nio-80-exec-94] o.s.web.servlet.PageNotFound             : No mapping for GET /nginx_status
2021-08-10 17:59:11.982  WARN 2112 --- [http-nio-80-exec-95] o.s.web.servlet.PageNotFound             : No mapping for GET /nginx_status
2021-08-10 17:59:16.998  WARN 2112 --- [http-nio-80-exec-96] o.s.web.servlet.PageNotFound             : No mapping for GET /nginx_status
2021-08-10 17:59:22.017  WARN 2112 --- [http-nio-80-exec-97] o.s.web.servlet.PageNotFound             : No mapping for GET /nginx_status
2021-08-10 17:59:27.032  WARN 2112 --- [http-nio-80-exec-98] o.s.web.servlet.PageNotFound             : No mapping for GET /nginx_status
2021-08-10 17:59:32.053  WARN 2112 --- [http-nio-80-exec-99] o.s.web.servlet.PageNotFound             : No mapping for GET /nginx_status
2021-08-10 17:59:37.074  WARN 2112 --- [http-nio-80-exec-100] o.s.web.servlet.PageNotFound             : No mapping for GET /nginx_status
2021-08-10 17:59:42.093  WARN 2112 --- [http-nio-80-exec-101] o.s.web.servlet.PageNotFound             : No mapping for GET /nginx_status
2021-08-10 17:59:47.113  WARN 2112 --- [http-nio-80-exec-102] o.s.web.servlet.PageNotFound             : No mapping for GET /nginx_status
2021-08-10 17:59:52.135  WARN 2112 --- [http-nio-80-exec-103] o.s.web.servlet.PageNotFound             : No mapping for GET /nginx_status
2021-08-10 17:59:57.149  WARN 2112 --- [http-nio-80-exec-104] o.s.web.servlet.PageNotFound             : No mapping for GET /nginx_status
2021-08-10 18:00:02.173  WARN 2112 --- [http-nio-80-exec-105] o.s.web.servlet.PageNotFound             : No mapping for GET /nginx_status
2021-08-10 18:00:07.211  WARN 2112 --- [http-nio-80-exec-106] o.s.web.servlet.PageNotFound             : No mapping for GET /nginx_status
2021-08-10 18:00:12.226  WARN 2112 --- [http-nio-80-exec-107] o.s.web.servlet.PageNotFound             : No mapping for GET /nginx_status
2021-08-10 18:00:17.245  WARN 2112 --- [http-nio-80-exec-108] o.s.web.servlet.PageNotFound             : No mapping for GET /nginx_status
2021-08-10 18:00:22.262  WARN 2112 --- [http-nio-80-exec-109] o.s.web.servlet.PageNotFound             : No mapping for GET /nginx_status
2021-08-10 18:00:27.277  WARN 2112 --- [http-nio-80-exec-110] o.s.web.servlet.PageNotFound             : No mapping for GET /nginx_status
2021-08-10 18:00:32.293  WARN 2112 --- [http-nio-80-exec-111] o.s.web.servlet.PageNotFound             : No mapping for GET /nginx_status
2021-08-10 18:00:37.314  WARN 2112 --- [http-nio-80-exec-112] o.s.web.servlet.PageNotFound             : No mapping for GET /nginx_status
2021-08-10 18:00:42.328  WARN 2112 --- [http-nio-80-exec-113] o.s.web.servlet.PageNotFound             : No mapping for GET /nginx_status
2021-08-10 18:00:47.343  WARN 2112 --- [http-nio-80-exec-114] o.s.web.servlet.PageNotFound             : No mapping for GET /nginx_status
2021-08-10 18:00:52.363  WARN 2112 --- [http-nio-80-exec-115] o.s.web.servlet.PageNotFound             : No mapping for GET /nginx_status
2021-08-10 18:00:57.380  WARN 2112 --- [http-nio-80-exec-116] o.s.web.servlet.PageNotFound             : No mapping for GET /nginx_status
2021-08-10 18:01:02.397  WARN 2112 --- [http-nio-80-exec-117] o.s.web.servlet.PageNotFound             : No mapping for GET /nginx_status
2021-08-10 18:01:07.416  WARN 2112 --- [http-nio-80-exec-118] o.s.web.servlet.PageNotFound             : No mapping for GET /nginx_status
2021-08-10 18:01:12.429  WARN 2112 --- [http-nio-80-exec-119] o.s.web.servlet.PageNotFound             : No mapping for GET /nginx_status
2021-08-10 18:01:17.446  WARN 2112 --- [http-nio-80-exec-120] o.s.web.servlet.PageNotFound             : No mapping for GET /nginx_status
2021-08-10 18:01:22.465  WARN 2112 --- [http-nio-80-exec-121] o.s.web.servlet.PageNotFound             : No mapping for GET /nginx_status
2021-08-10 18:01:27.478  WARN 2112 --- [http-nio-80-exec-122] o.s.web.servlet.PageNotFound             : No mapping for GET /nginx_status
2021-08-10 18:01:32.496  WARN 2112 --- [http-nio-80-exec-123] o.s.web.servlet.PageNotFound             : No mapping for GET /nginx_status
2021-08-10 18:01:37.512  WARN 2112 --- [http-nio-80-exec-124] o.s.web.servlet.PageNotFound             : No mapping for GET /nginx_status
2021-08-10 18:01:42.525  WARN 2112 --- [http-nio-80-exec-125] o.s.web.servlet.PageNotFound             : No mapping for GET /nginx_status
2021-08-10 18:01:47.542  WARN 2112 --- [http-nio-80-exec-126] o.s.web.servlet.PageNotFound             : No mapping for GET /nginx_status
2021-08-10 18:01:52.558  WARN 2112 --- [http-nio-80-exec-127] o.s.web.servlet.PageNotFound             : No mapping for GET /nginx_status
2021-08-10 18:01:57.577  WARN 2112 --- [http-nio-80-exec-128] o.s.web.servlet.PageNotFound             : No mapping for GET /nginx_status
2021-08-10 18:02:02.601  WARN 2112 --- [http-nio-80-exec-129] o.s.web.servlet.PageNotFound             : No mapping for GET /nginx_status
2021-08-10 18:02:07.620  WARN 2112 --- [http-nio-80-exec-130] o.s.web.servlet.PageNotFound             : No mapping for GET /nginx_status
2021-08-10 18:02:12.635  WARN 2112 --- [http-nio-80-exec-131] o.s.web.servlet.PageNotFound             : No mapping for GET /nginx_status
2021-08-10 18:02:17.651  WARN 2112 --- [http-nio-80-exec-132] o.s.web.servlet.PageNotFound             : No mapping for GET /nginx_status
2021-08-10 18:02:22.670  WARN 2112 --- [http-nio-80-exec-133] o.s.web.servlet.PageNotFound             : No mapping for GET /nginx_status
2021-08-10 18:02:27.681  WARN 2112 --- [http-nio-80-exec-134] o.s.web.servlet.PageNotFound             : No mapping for GET /nginx_status
2021-08-10 18:02:32.692  WARN 2112 --- [http-nio-80-exec-135] o.s.web.servlet.PageNotFound             : No mapping for GET /nginx_status
2021-08-10 18:02:37.706  WARN 2112 --- [http-nio-80-exec-136] o.s.web.servlet.PageNotFound             : No mapping for GET /nginx_status
2021-08-10 18:02:42.723  WARN 2112 --- [http-nio-80-exec-137] o.s.web.servlet.PageNotFound             : No mapping for GET /nginx_status
2021-08-10 18:02:47.745  WARN 2112 --- [http-nio-80-exec-138] o.s.web.servlet.PageNotFound             : No mapping for GET /nginx_status
2021-08-10 18:02:52.765  WARN 2112 --- [http-nio-80-exec-139] o.s.web.servlet.PageNotFound             : No mapping for GET /nginx_status
2021-08-10 18:02:57.782  WARN 2112 --- [http-nio-80-exec-140] o.s.web.servlet.PageNotFound             : No mapping for GET /nginx_status
2021-08-10 18:03:02.797  WARN 2112 --- [http-nio-80-exec-141] o.s.web.servlet.PageNotFound             : No mapping for GET /nginx_status
2021-08-10 18:03:07.813  WARN 2112 --- [http-nio-80-exec-142] o.s.web.servlet.PageNotFound             : No mapping for GET /nginx_status
2021-08-10 18:03:12.830  WARN 2112 --- [http-nio-80-exec-143] o.s.web.servlet.PageNotFound             : No mapping for GET /nginx_status
2021-08-10 18:03:17.847  WARN 2112 --- [http-nio-80-exec-144] o.s.web.servlet.PageNotFound             : No mapping for GET /nginx_status
2021-08-10 18:03:22.863  WARN 2112 --- [http-nio-80-exec-145] o.s.web.servlet.PageNotFound             : No mapping for GET /nginx_status
2021-08-10 18:03:27.875  WARN 2112 --- [http-nio-80-exec-146] o.s.web.servlet.PageNotFound             : No mapping for GET /nginx_status
2021-08-10 18:03:32.891  WARN 2112 --- [http-nio-80-exec-147] o.s.web.servlet.PageNotFound             : No mapping for GET /nginx_status
2021-08-10 18:03:37.907  WARN 2112 --- [http-nio-80-exec-148] o.s.web.servlet.PageNotFound             : No mapping for GET /nginx_status
2021-08-10 18:03:42.922  WARN 2112 --- [http-nio-80-exec-149] o.s.web.servlet.PageNotFound             : No mapping for GET /nginx_status
2021-08-10 18:03:47.936  WARN 2112 --- [http-nio-80-exec-150] o.s.web.servlet.PageNotFound             : No mapping for GET /nginx_status
2021-08-10 18:03:52.955  WARN 2112 --- [http-nio-80-exec-151] o.s.web.servlet.PageNotFound             : No mapping for GET /nginx_status
2021-08-10 18:03:57.963  WARN 2112 --- [http-nio-80-exec-152] o.s.web.servlet.PageNotFound             : No mapping for GET /nginx_status
2021-08-10 18:04:02.977  WARN 2112 --- [http-nio-80-exec-153] o.s.web.servlet.PageNotFound             : No mapping for GET /nginx_status
2021-08-10 18:04:07.986  WARN 2112 --- [http-nio-80-exec-154] o.s.web.servlet.PageNotFound             : No mapping for GET /nginx_status
2021-08-10 18:04:13.001  WARN 2112 --- [http-nio-80-exec-155] o.s.web.servlet.PageNotFound             : No mapping for GET /nginx_status
2021-08-10 18:04:18.012  WARN 2112 --- [http-nio-80-exec-156] o.s.web.servlet.PageNotFound             : No mapping for GET /nginx_status
2021-08-10 18:04:23.029  WARN 2112 --- [http-nio-80-exec-157] o.s.web.servlet.PageNotFound             : No mapping for GET /nginx_status
2021-08-10 18:04:28.041  WARN 2112 --- [http-nio-80-exec-158] o.s.web.servlet.PageNotFound             : No mapping for GET /nginx_status
2021-08-10 18:04:33.058  WARN 2112 --- [http-nio-80-exec-159] o.s.web.servlet.PageNotFound             : No mapping for GET /nginx_status
2021-08-10 18:04:38.074  WARN 2112 --- [http-nio-80-exec-160] o.s.web.servlet.PageNotFound             : No mapping for GET /nginx_status
2021-08-10 18:04:43.088  WARN 2112 --- [http-nio-80-exec-161] o.s.web.servlet.PageNotFound             : No mapping for GET /nginx_status
2021-08-10 18:04:48.105  WARN 2112 --- [http-nio-80-exec-162] o.s.web.servlet.PageNotFound             : No mapping for GET /nginx_status
2021-08-10 18:04:53.125  WARN 2112 --- [http-nio-80-exec-163] o.s.web.servlet.PageNotFound             : No mapping for GET /nginx_status
2021-08-10 18:04:58.066  WARN 2112 --- [http-nio-80-exec-164] o.s.web.servlet.PageNotFound             : No mapping for GET /nginx_status
2021-08-10 18:05:03.083  WARN 2112 --- [http-nio-80-exec-165] o.s.web.servlet.PageNotFound             : No mapping for GET /nginx_status
2021-08-10 18:05:08.101  WARN 2112 --- [http-nio-80-exec-166] o.s.web.servlet.PageNotFound             : No mapping for GET /nginx_status
2021-08-10 18:05:13.114  WARN 2112 --- [http-nio-80-exec-167] o.s.web.servlet.PageNotFound             : No mapping for GET /nginx_status
2021-08-10 18:05:18.127  WARN 2112 --- [http-nio-80-exec-168] o.s.web.servlet.PageNotFound             : No mapping for GET /nginx_status
2021-08-10 18:05:23.147  WARN 2112 --- [http-nio-80-exec-169] o.s.web.servlet.PageNotFound             : No mapping for GET /nginx_status
2021-08-10 18:05:28.163  WARN 2112 --- [http-nio-80-exec-170] o.s.web.servlet.PageNotFound             : No mapping for GET /nginx_status
2021-08-10 18:05:33.178  WARN 2112 --- [http-nio-80-exec-171] o.s.web.servlet.PageNotFound             : No mapping for GET /nginx_status
2021-08-10 18:05:38.193  WARN 2112 --- [http-nio-80-exec-172] o.s.web.servlet.PageNotFound             : No mapping for GET /nginx_status
2021-08-10 18:05:43.208  WARN 2112 --- [http-nio-80-exec-173] o.s.web.servlet.PageNotFound             : No mapping for GET /nginx_status
2021-08-10 18:05:48.229  WARN 2112 --- [http-nio-80-exec-174] o.s.web.servlet.PageNotFound             : No mapping for GET /nginx_status
2021-08-10 18:05:53.246  WARN 2112 --- [http-nio-80-exec-175] o.s.web.servlet.PageNotFound             : No mapping for GET /nginx_status
2021-08-10 18:05:58.262  WARN 2112 --- [http-nio-80-exec-176] o.s.web.servlet.PageNotFound             : No mapping for GET /nginx_status
2021-08-10 18:06:03.280  WARN 2112 --- [http-nio-80-exec-177] o.s.web.servlet.PageNotFound             : No mapping for GET /nginx_status
2021-08-10 18:06:08.295  WARN 2112 --- [http-nio-80-exec-178] o.s.web.servlet.PageNotFound             : No mapping for GET /nginx_status
2021-08-10 18:06:13.310  WARN 2112 --- [http-nio-80-exec-179] o.s.web.servlet.PageNotFound             : No mapping for GET /nginx_status
2021-08-10 18:06:18.329  WARN 2112 --- [http-nio-80-exec-180] o.s.web.servlet.PageNotFound             : No mapping for GET /nginx_status
2021-08-10 18:06:23.346  WARN 2112 --- [http-nio-80-exec-181] o.s.web.servlet.PageNotFound             : No mapping for GET /nginx_status
2021-08-10 18:06:28.357  WARN 2112 --- [http-nio-80-exec-183] o.s.web.servlet.PageNotFound             : No mapping for GET /nginx_status
2021-08-10 18:06:33.375  WARN 2112 --- [http-nio-80-exec-182] o.s.web.servlet.PageNotFound             : No mapping for GET /nginx_status
2021-08-10 18:06:38.395  WARN 2112 --- [http-nio-80-exec-184] o.s.web.servlet.PageNotFound             : No mapping for GET /nginx_status
2021-08-10 18:06:43.410  WARN 2112 --- [http-nio-80-exec-185] o.s.web.servlet.PageNotFound             : No mapping for GET /nginx_status
2021-08-10 18:06:48.428  WARN 2112 --- [http-nio-80-exec-186] o.s.web.servlet.PageNotFound             : No mapping for GET /nginx_status
2021-08-10 18:06:53.445  WARN 2112 --- [http-nio-80-exec-187] o.s.web.servlet.PageNotFound             : No mapping for GET /nginx_status
2021-08-10 18:06:58.458  WARN 2112 --- [http-nio-80-exec-188] o.s.web.servlet.PageNotFound             : No mapping for GET /nginx_status
2021-08-10 18:07:03.479  WARN 2112 --- [http-nio-80-exec-189] o.s.web.servlet.PageNotFound             : No mapping for GET /nginx_status
2021-08-10 18:07:08.501  WARN 2112 --- [http-nio-80-exec-190] o.s.web.servlet.PageNotFound             : No mapping for GET /nginx_status
2021-08-10 18:07:13.513  WARN 2112 --- [http-nio-80-exec-191] o.s.web.servlet.PageNotFound             : No mapping for GET /nginx_status
2021-08-10 18:07:18.533  WARN 2112 --- [http-nio-80-exec-192] o.s.web.servlet.PageNotFound             : No mapping for GET /nginx_status
2021-08-10 18:07:23.555  WARN 2112 --- [http-nio-80-exec-193] o.s.web.servlet.PageNotFound             : No mapping for GET /nginx_status
2021-08-10 18:07:28.569  WARN 2112 --- [http-nio-80-exec-194] o.s.web.servlet.PageNotFound             : No mapping for GET /nginx_status
2021-08-10 18:07:33.588  WARN 2112 --- [http-nio-80-exec-195] o.s.web.servlet.PageNotFound             : No mapping for GET /nginx_status
2021-08-10 18:07:38.604  WARN 2112 --- [http-nio-80-exec-196] o.s.web.servlet.PageNotFound             : No mapping for GET /nginx_status
2021-08-10 18:07:43.616  WARN 2112 --- [http-nio-80-exec-197] o.s.web.servlet.PageNotFound             : No mapping for GET /nginx_status
2021-08-10 18:07:48.633  WARN 2112 --- [http-nio-80-exec-198] o.s.web.servlet.PageNotFound             : No mapping for GET /nginx_status
2021-08-10 18:07:53.648  WARN 2112 --- [http-nio-80-exec-199] o.s.web.servlet.PageNotFound             : No mapping for GET /nginx_status
2021-08-10 18:07:58.662  WARN 2112 --- [http-nio-80-exec-200] o.s.web.servlet.PageNotFound             : No mapping for GET /nginx_status
2021-08-10 18:08:03.681  WARN 2112 --- [http-nio-80-exec-1] o.s.web.servlet.PageNotFound             : No mapping for GET /nginx_status
2021-08-10 18:08:08.700  WARN 2112 --- [http-nio-80-exec-2] o.s.web.servlet.PageNotFound             : No mapping for GET /nginx_status
2021-08-10 18:08:13.716  WARN 2112 --- [http-nio-80-exec-3] o.s.web.servlet.PageNotFound             : No mapping for GET /nginx_status
2021-08-10 18:08:18.732  WARN 2112 --- [http-nio-80-exec-4] o.s.web.servlet.PageNotFound             : No mapping for GET /nginx_status
2021-08-10 18:08:23.748  WARN 2112 --- [http-nio-80-exec-5] o.s.web.servlet.PageNotFound             : No mapping for GET /nginx_status
2021-08-10 18:08:28.762  WARN 2112 --- [http-nio-80-exec-6] o.s.web.servlet.PageNotFound             : No mapping for GET /nginx_status
2021-08-10 18:08:33.778  WARN 2112 --- [http-nio-80-exec-7] o.s.web.servlet.PageNotFound             : No mapping for GET /nginx_status
2021-08-10 18:08:38.796  WARN 2112 --- [http-nio-80-exec-8] o.s.web.servlet.PageNotFound             : No mapping for GET /nginx_status
2021-08-10 18:08:43.813  WARN 2112 --- [http-nio-80-exec-9] o.s.web.servlet.PageNotFound             : No mapping for GET /nginx_status
2021-08-10 18:08:48.830  WARN 2112 --- [http-nio-80-exec-10] o.s.web.servlet.PageNotFound             : No mapping for GET /nginx_status
2021-08-10 18:08:53.850  WARN 2112 --- [http-nio-80-exec-11] o.s.web.servlet.PageNotFound             : No mapping for GET /nginx_status
2021-08-10 18:08:58.861  WARN 2112 --- [http-nio-80-exec-12] o.s.web.servlet.PageNotFound             : No mapping for GET /nginx_status
2021-08-10 18:09:02.470  INFO 2112 --- [Thread-20] org.quartz.core.QuartzScheduler          : Scheduler quartzScheduler_$_NON_CLUSTERED paused.
2021-08-10 18:09:02.471  INFO 2112 --- [Thread-20] o.s.s.c.ThreadPoolTaskScheduler          : Shutting down ExecutorService 'taskScheduler'
2021-08-10 18:09:02.472  INFO 2112 --- [Thread-20] o.s.s.quartz.SchedulerFactoryBean        : Shutting down Quartz Scheduler
2021-08-10 18:09:02.472  INFO 2112 --- [Thread-20] org.quartz.core.QuartzScheduler          : Scheduler quartzScheduler_$_NON_CLUSTERED shutting down.
2021-08-10 18:09:02.473  INFO 2112 --- [Thread-20] org.quartz.core.QuartzScheduler          : Scheduler quartzScheduler_$_NON_CLUSTERED paused.
2021-08-10 18:09:02.475  INFO 2112 --- [Thread-20] org.quartz.core.QuartzScheduler          : Scheduler quartzScheduler_$_NON_CLUSTERED shutdown complete.
2021-08-10 18:09:02.477  INFO 2112 --- [Thread-20] o.s.s.concurrent.ThreadPoolTaskExecutor  : Shutting down ExecutorService 'applicationTaskExecutor'
2021-08-10 18:09:02.478  INFO 2112 --- [Thread-20] o.s.c.ehcache.EhCacheManagerFactoryBean  : Shutting down EhCache CacheManager
2021-08-10 18:09:02.520  INFO 2112 --- [Thread-20] com.alibaba.druid.pool.DruidDataSource   : {dataSource-1} closed
