2021-08-23 16:56:26.716 ERROR 14267 --- [main] o.s.boot.SpringApplication               : Application run failed

java.lang.IllegalStateException: Failed to introspect Class [com.stylefeng.guns.modular.payment.service.impl.MsWechatServiceImpl] from ClassLoader [com.taobao.pandora.boot.loader.ReLaunchURLClassLoader@543c6f6d]
	at org.springframework.util.ReflectionUtils.getDeclaredFields(ReflectionUtils.java:760)
	at org.springframework.util.ReflectionUtils.doWithFields(ReflectionUtils.java:725)
	at org.springframework.util.ReflectionUtils.doWithFields(ReflectionUtils.java:710)
	at com.alibaba.boot.hsf.consumer.HsfConsumerPostProcessor.postProcessBeanFactory(HsfConsumerPostProcessor.java:67)
	at com.alibaba.boot.hsf.consumer.HsfConsumerPostProcessor.postProcessBeanFactory(HsfConsumerPostProcessor.java:53)
	at org.springframework.context.support.PostProcessorRegistrationDelegate.invokeBeanFactoryPostProcessors(PostProcessorRegistrationDelegate.java:286)
	at org.springframework.context.support.PostProcessorRegistrationDelegate.invokeBeanFactoryPostProcessors(PostProcessorRegistrationDelegate.java:181)
	at org.springframework.context.support.AbstractApplicationContext.invokeBeanFactoryPostProcessors(AbstractApplicationContext.java:705)
	at org.springframework.context.support.AbstractApplicationContext.refresh(AbstractApplicationContext.java:531)
	at org.springframework.boot.web.servlet.context.ServletWebServerApplicationContext.refresh(ServletWebServerApplicationContext.java:140)
	at org.springframework.boot.SpringApplication.refresh(SpringApplication.java:742)
	at org.springframework.boot.SpringApplication.refreshContext(SpringApplication.java:389)
	at org.springframework.boot.SpringApplication.run(SpringApplication.java:311)
	at org.springframework.boot.SpringApplication.run(SpringApplication.java:1213)
	at org.springframework.boot.SpringApplication.run(SpringApplication.java:1202)
	at com.stylefeng.guns.GunsApplication.main(GunsApplication.java:29)
	at sun.reflect.NativeMethodAccessorImpl.invoke0(Native Method)
	at sun.reflect.NativeMethodAccessorImpl.invoke(NativeMethodAccessorImpl.java:62)
	at sun.reflect.DelegatingMethodAccessorImpl.invoke(DelegatingMethodAccessorImpl.java:43)
	at java.lang.reflect.Method.invoke(Method.java:498)
	at com.taobao.pandora.boot.loader.LaunchRunner.run(LaunchRunner.java:38)
	at java.lang.Thread.run(Thread.java:748)
Caused by: java.lang.NoClassDefFoundError: LMsWechatAccess;
	at java.lang.Class.getDeclaredFields0(Native Method)
	at java.lang.Class.privateGetDeclaredFields(Class.java:2583)
	at java.lang.Class.getDeclaredFields(Class.java:1916)
	at org.springframework.util.ReflectionUtils.getDeclaredFields(ReflectionUtils.java:755)
	... 21 common frames omitted
Caused by: java.lang.ClassNotFoundException: MsWechatAccess
	at java.net.URLClassLoader.findClass(URLClassLoader.java:382)
	at java.lang.ClassLoader.loadClass(ClassLoader.java:418)
	at com.taobao.pandora.boot.loader.ReLaunchURLClassLoader.doLoadClass(ReLaunchURLClassLoader.java:216)
	at com.taobao.pandora.boot.loader.ReLaunchURLClassLoader.loadClass(ReLaunchURLClassLoader.java:169)
	at java.lang.ClassLoader.loadClass(ClassLoader.java:351)
	... 25 common frames omitted

2021-08-23 16:57:10.536 ERROR 14314 --- [main] o.s.boot.SpringApplication               : Application run failed

java.lang.IllegalStateException: Failed to introspect Class [com.stylefeng.guns.modular.payment.service.impl.MsWechatServiceImpl] from ClassLoader [com.taobao.pandora.boot.loader.ReLaunchURLClassLoader@543c6f6d]
	at org.springframework.util.ReflectionUtils.getDeclaredFields(ReflectionUtils.java:760)
	at org.springframework.util.ReflectionUtils.doWithFields(ReflectionUtils.java:725)
	at org.springframework.util.ReflectionUtils.doWithFields(ReflectionUtils.java:710)
	at com.alibaba.boot.hsf.consumer.HsfConsumerPostProcessor.postProcessBeanFactory(HsfConsumerPostProcessor.java:67)
	at com.alibaba.boot.hsf.consumer.HsfConsumerPostProcessor.postProcessBeanFactory(HsfConsumerPostProcessor.java:53)
	at org.springframework.context.support.PostProcessorRegistrationDelegate.invokeBeanFactoryPostProcessors(PostProcessorRegistrationDelegate.java:286)
	at org.springframework.context.support.PostProcessorRegistrationDelegate.invokeBeanFactoryPostProcessors(PostProcessorRegistrationDelegate.java:181)
	at org.springframework.context.support.AbstractApplicationContext.invokeBeanFactoryPostProcessors(AbstractApplicationContext.java:705)
	at org.springframework.context.support.AbstractApplicationContext.refresh(AbstractApplicationContext.java:531)
	at org.springframework.boot.web.servlet.context.ServletWebServerApplicationContext.refresh(ServletWebServerApplicationContext.java:140)
	at org.springframework.boot.SpringApplication.refresh(SpringApplication.java:742)
	at org.springframework.boot.SpringApplication.refreshContext(SpringApplication.java:389)
	at org.springframework.boot.SpringApplication.run(SpringApplication.java:311)
	at org.springframework.boot.SpringApplication.run(SpringApplication.java:1213)
	at org.springframework.boot.SpringApplication.run(SpringApplication.java:1202)
	at com.stylefeng.guns.GunsApplication.main(GunsApplication.java:29)
	at sun.reflect.NativeMethodAccessorImpl.invoke0(Native Method)
	at sun.reflect.NativeMethodAccessorImpl.invoke(NativeMethodAccessorImpl.java:62)
	at sun.reflect.DelegatingMethodAccessorImpl.invoke(DelegatingMethodAccessorImpl.java:43)
	at java.lang.reflect.Method.invoke(Method.java:498)
	at com.taobao.pandora.boot.loader.LaunchRunner.run(LaunchRunner.java:38)
	at java.lang.Thread.run(Thread.java:748)
Caused by: java.lang.NoClassDefFoundError: LMsWechatAccess;
	at java.lang.Class.getDeclaredFields0(Native Method)
	at java.lang.Class.privateGetDeclaredFields(Class.java:2583)
	at java.lang.Class.getDeclaredFields(Class.java:1916)
	at org.springframework.util.ReflectionUtils.getDeclaredFields(ReflectionUtils.java:755)
	... 21 common frames omitted
Caused by: java.lang.ClassNotFoundException: MsWechatAccess
	at java.net.URLClassLoader.findClass(URLClassLoader.java:382)
	at java.lang.ClassLoader.loadClass(ClassLoader.java:418)
	at com.taobao.pandora.boot.loader.ReLaunchURLClassLoader.doLoadClass(ReLaunchURLClassLoader.java:216)
	at com.taobao.pandora.boot.loader.ReLaunchURLClassLoader.loadClass(ReLaunchURLClassLoader.java:169)
	at java.lang.ClassLoader.loadClass(ClassLoader.java:351)
	... 25 common frames omitted

2021-08-23 17:16:18.503 ERROR 15463 --- [main] o.s.boot.SpringApplication               : Application run failed

java.lang.IllegalStateException: Failed to introspect Class [com.stylefeng.guns.modular.payment.service.impl.MsWechatServiceImpl] from ClassLoader [com.taobao.pandora.boot.loader.ReLaunchURLClassLoader@543c6f6d]
	at org.springframework.util.ReflectionUtils.getDeclaredFields(ReflectionUtils.java:760)
	at org.springframework.util.ReflectionUtils.doWithFields(ReflectionUtils.java:725)
	at org.springframework.util.ReflectionUtils.doWithFields(ReflectionUtils.java:710)
	at com.alibaba.boot.hsf.consumer.HsfConsumerPostProcessor.postProcessBeanFactory(HsfConsumerPostProcessor.java:67)
	at com.alibaba.boot.hsf.consumer.HsfConsumerPostProcessor.postProcessBeanFactory(HsfConsumerPostProcessor.java:53)
	at org.springframework.context.support.PostProcessorRegistrationDelegate.invokeBeanFactoryPostProcessors(PostProcessorRegistrationDelegate.java:286)
	at org.springframework.context.support.PostProcessorRegistrationDelegate.invokeBeanFactoryPostProcessors(PostProcessorRegistrationDelegate.java:181)
	at org.springframework.context.support.AbstractApplicationContext.invokeBeanFactoryPostProcessors(AbstractApplicationContext.java:705)
	at org.springframework.context.support.AbstractApplicationContext.refresh(AbstractApplicationContext.java:531)
	at org.springframework.boot.web.servlet.context.ServletWebServerApplicationContext.refresh(ServletWebServerApplicationContext.java:140)
	at org.springframework.boot.SpringApplication.refresh(SpringApplication.java:742)
	at org.springframework.boot.SpringApplication.refreshContext(SpringApplication.java:389)
	at org.springframework.boot.SpringApplication.run(SpringApplication.java:311)
	at org.springframework.boot.SpringApplication.run(SpringApplication.java:1213)
	at org.springframework.boot.SpringApplication.run(SpringApplication.java:1202)
	at com.stylefeng.guns.GunsApplication.main(GunsApplication.java:29)
	at sun.reflect.NativeMethodAccessorImpl.invoke0(Native Method)
	at sun.reflect.NativeMethodAccessorImpl.invoke(NativeMethodAccessorImpl.java:62)
	at sun.reflect.DelegatingMethodAccessorImpl.invoke(DelegatingMethodAccessorImpl.java:43)
	at java.lang.reflect.Method.invoke(Method.java:498)
	at com.taobao.pandora.boot.loader.LaunchRunner.run(LaunchRunner.java:38)
	at java.lang.Thread.run(Thread.java:748)
Caused by: java.lang.NoClassDefFoundError: LPaymentMerchantDao;
	at java.lang.Class.getDeclaredFields0(Native Method)
	at java.lang.Class.privateGetDeclaredFields(Class.java:2583)
	at java.lang.Class.getDeclaredFields(Class.java:1916)
	at org.springframework.util.ReflectionUtils.getDeclaredFields(ReflectionUtils.java:755)
	... 21 common frames omitted
Caused by: java.lang.ClassNotFoundException: PaymentMerchantDao
	at java.net.URLClassLoader.findClass(URLClassLoader.java:382)
	at java.lang.ClassLoader.loadClass(ClassLoader.java:418)
	at com.taobao.pandora.boot.loader.ReLaunchURLClassLoader.doLoadClass(ReLaunchURLClassLoader.java:216)
	at com.taobao.pandora.boot.loader.ReLaunchURLClassLoader.loadClass(ReLaunchURLClassLoader.java:169)
	at java.lang.ClassLoader.loadClass(ClassLoader.java:351)
	... 25 common frames omitted

