2021-07-16 17:27:20.903 [restartedMain] ERROR org.springframework.boot.SpringApplication - Application run failed
java.lang.IllegalStateException: java.lang.IllegalStateException: Logback configuration error detected: 
ERROR in ch.qos.logback.classic.joran.JoranConfigurator@344cdf46 - Could not open URL [file:/Users/p6317/Documents/project/java/payment/ms-wechatv3/target/classes/logback-spring-dev.xml]. java.io.FileNotFoundException: /Users/p6317/Documents/project/java/payment/ms-wechatv3/target/classes/logback-spring-dev.xml (No such file or directory)
ERROR in ch.qos.logback.core.joran.spi.Interpreter@175:31 - no applicable action for [springProfile], current ElementPath  is [[configuration][springProfile]]
ERROR in ch.qos.logback.core.joran.spi.Interpreter@176:74 - no applicable action for [logger], current ElementPath  is [[configuration][springProfile][logger]]
ERROR in ch.qos.logback.core.joran.spi.Interpreter@178:29 - no applicable action for [root], current ElementPath  is [[configuration][springProfile][root]]
ERROR in ch.qos.logback.core.joran.spi.Interpreter@179:43 - no applicable action for [appender-ref], current ElementPath  is [[configuration][springProfile][root][appender-ref]]
ERROR in ch.qos.logback.core.joran.spi.Interpreter@180:46 - no applicable action for [appender-ref], current ElementPath  is [[configuration][springProfile][root][appender-ref]]
ERROR in ch.qos.logback.core.joran.spi.Interpreter@181:45 - no applicable action for [appender-ref], current ElementPath  is [[configuration][springProfile][root][appender-ref]]
ERROR in ch.qos.logback.core.joran.spi.Interpreter@182:45 - no applicable action for [appender-ref], current ElementPath  is [[configuration][springProfile][root][appender-ref]]
ERROR in ch.qos.logback.core.joran.spi.Interpreter@183:46 - no applicable action for [appender-ref], current ElementPath  is [[configuration][springProfile][root][appender-ref]]
	at org.springframework.boot.context.logging.LoggingApplicationListener.initializeSystem(LoggingApplicationListener.java:328)
	at org.springframework.boot.context.logging.LoggingApplicationListener.initialize(LoggingApplicationListener.java:282)
	at org.springframework.boot.context.logging.LoggingApplicationListener.onApplicationEnvironmentPreparedEvent(LoggingApplicationListener.java:240)
	at org.springframework.boot.context.logging.LoggingApplicationListener.onApplicationEvent(LoggingApplicationListener.java:216)
	at org.springframework.context.event.SimpleApplicationEventMulticaster.doInvokeListener(SimpleApplicationEventMulticaster.java:176)
	at org.springframework.context.event.SimpleApplicationEventMulticaster.invokeListener(SimpleApplicationEventMulticaster.java:169)
	at org.springframework.context.event.SimpleApplicationEventMulticaster.multicastEvent(SimpleApplicationEventMulticaster.java:143)
	at org.springframework.context.event.SimpleApplicationEventMulticaster.multicastEvent(SimpleApplicationEventMulticaster.java:131)
	at org.springframework.boot.context.event.EventPublishingRunListener.environmentPrepared(EventPublishingRunListener.java:82)
	at org.springframework.boot.SpringApplicationRunListeners.lambda$environmentPrepared$2(SpringApplicationRunListeners.java:63)
	at java.util.ArrayList.forEach(ArrayList.java:1259)
	at org.springframework.boot.SpringApplicationRunListeners.doWithListeners(SpringApplicationRunListeners.java:117)
	at org.springframework.boot.SpringApplicationRunListeners.doWithListeners(SpringApplicationRunListeners.java:111)
	at org.springframework.boot.SpringApplicationRunListeners.environmentPrepared(SpringApplicationRunListeners.java:62)
	at org.springframework.boot.SpringApplication.prepareEnvironment(SpringApplication.java:374)
	at org.springframework.boot.SpringApplication.run(SpringApplication.java:332)
	at org.springframework.boot.SpringApplication.run(SpringApplication.java:1343)
	at org.springframework.boot.SpringApplication.run(SpringApplication.java:1332)
	at com.cmhk.ztpayment.WechatApiApplication.main(WechatApiApplication.java:10)
	at sun.reflect.NativeMethodAccessorImpl.invoke0(Native Method)
	at sun.reflect.NativeMethodAccessorImpl.invoke(NativeMethodAccessorImpl.java:62)
	at sun.reflect.DelegatingMethodAccessorImpl.invoke(DelegatingMethodAccessorImpl.java:43)
	at java.lang.reflect.Method.invoke(Method.java:498)
	at org.springframework.boot.devtools.restart.RestartLauncher.run(RestartLauncher.java:49)
Caused by: java.lang.IllegalStateException: Logback configuration error detected: 
ERROR in ch.qos.logback.classic.joran.JoranConfigurator@344cdf46 - Could not open URL [file:/Users/p6317/Documents/project/java/payment/ms-wechatv3/target/classes/logback-spring-dev.xml]. java.io.FileNotFoundException: /Users/p6317/Documents/project/java/payment/ms-wechatv3/target/classes/logback-spring-dev.xml (No such file or directory)
ERROR in ch.qos.logback.core.joran.spi.Interpreter@175:31 - no applicable action for [springProfile], current ElementPath  is [[configuration][springProfile]]
ERROR in ch.qos.logback.core.joran.spi.Interpreter@176:74 - no applicable action for [logger], current ElementPath  is [[configuration][springProfile][logger]]
ERROR in ch.qos.logback.core.joran.spi.Interpreter@178:29 - no applicable action for [root], current ElementPath  is [[configuration][springProfile][root]]
ERROR in ch.qos.logback.core.joran.spi.Interpreter@179:43 - no applicable action for [appender-ref], current ElementPath  is [[configuration][springProfile][root][appender-ref]]
ERROR in ch.qos.logback.core.joran.spi.Interpreter@180:46 - no applicable action for [appender-ref], current ElementPath  is [[configuration][springProfile][root][appender-ref]]
ERROR in ch.qos.logback.core.joran.spi.Interpreter@181:45 - no applicable action for [appender-ref], current ElementPath  is [[configuration][springProfile][root][appender-ref]]
ERROR in ch.qos.logback.core.joran.spi.Interpreter@182:45 - no applicable action for [appender-ref], current ElementPath  is [[configuration][springProfile][root][appender-ref]]
ERROR in ch.qos.logback.core.joran.spi.Interpreter@183:46 - no applicable action for [appender-ref], current ElementPath  is [[configuration][springProfile][root][appender-ref]]
	at org.springframework.boot.logging.logback.LogbackLoggingSystem.loadConfiguration(LogbackLoggingSystem.java:179)
	at org.springframework.boot.logging.AbstractLoggingSystem.initializeWithSpecificConfig(AbstractLoggingSystem.java:66)
	at org.springframework.boot.logging.AbstractLoggingSystem.initialize(AbstractLoggingSystem.java:57)
	at org.springframework.boot.logging.logback.LogbackLoggingSystem.initialize(LogbackLoggingSystem.java:132)
	at org.springframework.boot.context.logging.LoggingApplicationListener.initializeSystem(LoggingApplicationListener.java:316)
	... 23 common frames omitted
2021-07-16 17:27:42.455 [restartedMain] ERROR org.springframework.boot.SpringApplication - Application run failed
java.lang.IllegalStateException: java.lang.IllegalStateException: Logback configuration error detected: 
ERROR in ch.qos.logback.classic.joran.JoranConfigurator@c1979ad - Could not open URL [file:/Users/p6317/Documents/project/java/payment/ms-wechatv3/target/classes/logback-spring.xml]. java.io.FileNotFoundException: /Users/p6317/Documents/project/java/payment/ms-wechatv3/target/classes/logback-spring.xml (No such file or directory)
ERROR in ch.qos.logback.core.joran.spi.Interpreter@175:31 - no applicable action for [springProfile], current ElementPath  is [[configuration][springProfile]]
ERROR in ch.qos.logback.core.joran.spi.Interpreter@176:74 - no applicable action for [logger], current ElementPath  is [[configuration][springProfile][logger]]
ERROR in ch.qos.logback.core.joran.spi.Interpreter@178:29 - no applicable action for [root], current ElementPath  is [[configuration][springProfile][root]]
ERROR in ch.qos.logback.core.joran.spi.Interpreter@179:43 - no applicable action for [appender-ref], current ElementPath  is [[configuration][springProfile][root][appender-ref]]
ERROR in ch.qos.logback.core.joran.spi.Interpreter@180:46 - no applicable action for [appender-ref], current ElementPath  is [[configuration][springProfile][root][appender-ref]]
ERROR in ch.qos.logback.core.joran.spi.Interpreter@181:45 - no applicable action for [appender-ref], current ElementPath  is [[configuration][springProfile][root][appender-ref]]
ERROR in ch.qos.logback.core.joran.spi.Interpreter@182:45 - no applicable action for [appender-ref], current ElementPath  is [[configuration][springProfile][root][appender-ref]]
ERROR in ch.qos.logback.core.joran.spi.Interpreter@183:46 - no applicable action for [appender-ref], current ElementPath  is [[configuration][springProfile][root][appender-ref]]
ERROR in ch.qos.logback.core.joran.spi.Interpreter@188:31 - no applicable action for [springProfile], current ElementPath  is [[configuration][springProfile]]
ERROR in ch.qos.logback.core.joran.spi.Interpreter@189:28 - no applicable action for [root], current ElementPath  is [[configuration][springProfile][root]]
ERROR in ch.qos.logback.core.joran.spi.Interpreter@190:43 - no applicable action for [appender-ref], current ElementPath  is [[configuration][springProfile][root][appender-ref]]
ERROR in ch.qos.logback.core.joran.spi.Interpreter@191:45 - no applicable action for [appender-ref], current ElementPath  is [[configuration][springProfile][root][appender-ref]]
ERROR in ch.qos.logback.core.joran.spi.Interpreter@192:46 - no applicable action for [appender-ref], current ElementPath  is [[configuration][springProfile][root][appender-ref]]
ERROR in ch.qos.logback.core.joran.spi.Interpreter@193:45 - no applicable action for [appender-ref], current ElementPath  is [[configuration][springProfile][root][appender-ref]]
ERROR in ch.qos.logback.core.joran.spi.Interpreter@198:32 - no applicable action for [springProfile], current ElementPath  is [[configuration][springProfile]]
ERROR in ch.qos.logback.core.joran.spi.Interpreter@199:28 - no applicable action for [root], current ElementPath  is [[configuration][springProfile][root]]
ERROR in ch.qos.logback.core.joran.spi.Interpreter@200:43 - no applicable action for [appender-ref], current ElementPath  is [[configuration][springProfile][root][appender-ref]]
ERROR in ch.qos.logback.core.joran.spi.Interpreter@201:45 - no applicable action for [appender-ref], current ElementPath  is [[configuration][springProfile][root][appender-ref]]
ERROR in ch.qos.logback.core.joran.spi.Interpreter@202:46 - no applicable action for [appender-ref], current ElementPath  is [[configuration][springProfile][root][appender-ref]]
ERROR in ch.qos.logback.core.joran.spi.Interpreter@203:45 - no applicable action for [appender-ref], current ElementPath  is [[configuration][springProfile][root][appender-ref]]
	at org.springframework.boot.context.logging.LoggingApplicationListener.initializeSystem(LoggingApplicationListener.java:328)
	at org.springframework.boot.context.logging.LoggingApplicationListener.initialize(LoggingApplicationListener.java:282)
	at org.springframework.boot.context.logging.LoggingApplicationListener.onApplicationEnvironmentPreparedEvent(LoggingApplicationListener.java:240)
	at org.springframework.boot.context.logging.LoggingApplicationListener.onApplicationEvent(LoggingApplicationListener.java:216)
	at org.springframework.context.event.SimpleApplicationEventMulticaster.doInvokeListener(SimpleApplicationEventMulticaster.java:176)
	at org.springframework.context.event.SimpleApplicationEventMulticaster.invokeListener(SimpleApplicationEventMulticaster.java:169)
	at org.springframework.context.event.SimpleApplicationEventMulticaster.multicastEvent(SimpleApplicationEventMulticaster.java:143)
	at org.springframework.context.event.SimpleApplicationEventMulticaster.multicastEvent(SimpleApplicationEventMulticaster.java:131)
	at org.springframework.boot.context.event.EventPublishingRunListener.environmentPrepared(EventPublishingRunListener.java:82)
	at org.springframework.boot.SpringApplicationRunListeners.lambda$environmentPrepared$2(SpringApplicationRunListeners.java:63)
	at java.util.ArrayList.forEach(ArrayList.java:1259)
	at org.springframework.boot.SpringApplicationRunListeners.doWithListeners(SpringApplicationRunListeners.java:117)
	at org.springframework.boot.SpringApplicationRunListeners.doWithListeners(SpringApplicationRunListeners.java:111)
	at org.springframework.boot.SpringApplicationRunListeners.environmentPrepared(SpringApplicationRunListeners.java:62)
	at org.springframework.boot.SpringApplication.prepareEnvironment(SpringApplication.java:374)
	at org.springframework.boot.SpringApplication.run(SpringApplication.java:332)
	at org.springframework.boot.SpringApplication.run(SpringApplication.java:1343)
	at org.springframework.boot.SpringApplication.run(SpringApplication.java:1332)
	at com.cmhk.ztpayment.WechatApiApplication.main(WechatApiApplication.java:10)
	at sun.reflect.NativeMethodAccessorImpl.invoke0(Native Method)
	at sun.reflect.NativeMethodAccessorImpl.invoke(NativeMethodAccessorImpl.java:62)
	at sun.reflect.DelegatingMethodAccessorImpl.invoke(DelegatingMethodAccessorImpl.java:43)
	at java.lang.reflect.Method.invoke(Method.java:498)
	at org.springframework.boot.devtools.restart.RestartLauncher.run(RestartLauncher.java:49)
Caused by: java.lang.IllegalStateException: Logback configuration error detected: 
ERROR in ch.qos.logback.classic.joran.JoranConfigurator@c1979ad - Could not open URL [file:/Users/p6317/Documents/project/java/payment/ms-wechatv3/target/classes/logback-spring.xml]. java.io.FileNotFoundException: /Users/p6317/Documents/project/java/payment/ms-wechatv3/target/classes/logback-spring.xml (No such file or directory)
ERROR in ch.qos.logback.core.joran.spi.Interpreter@175:31 - no applicable action for [springProfile], current ElementPath  is [[configuration][springProfile]]
ERROR in ch.qos.logback.core.joran.spi.Interpreter@176:74 - no applicable action for [logger], current ElementPath  is [[configuration][springProfile][logger]]
ERROR in ch.qos.logback.core.joran.spi.Interpreter@178:29 - no applicable action for [root], current ElementPath  is [[configuration][springProfile][root]]
ERROR in ch.qos.logback.core.joran.spi.Interpreter@179:43 - no applicable action for [appender-ref], current ElementPath  is [[configuration][springProfile][root][appender-ref]]
ERROR in ch.qos.logback.core.joran.spi.Interpreter@180:46 - no applicable action for [appender-ref], current ElementPath  is [[configuration][springProfile][root][appender-ref]]
ERROR in ch.qos.logback.core.joran.spi.Interpreter@181:45 - no applicable action for [appender-ref], current ElementPath  is [[configuration][springProfile][root][appender-ref]]
ERROR in ch.qos.logback.core.joran.spi.Interpreter@182:45 - no applicable action for [appender-ref], current ElementPath  is [[configuration][springProfile][root][appender-ref]]
ERROR in ch.qos.logback.core.joran.spi.Interpreter@183:46 - no applicable action for [appender-ref], current ElementPath  is [[configuration][springProfile][root][appender-ref]]
ERROR in ch.qos.logback.core.joran.spi.Interpreter@188:31 - no applicable action for [springProfile], current ElementPath  is [[configuration][springProfile]]
ERROR in ch.qos.logback.core.joran.spi.Interpreter@189:28 - no applicable action for [root], current ElementPath  is [[configuration][springProfile][root]]
ERROR in ch.qos.logback.core.joran.spi.Interpreter@190:43 - no applicable action for [appender-ref], current ElementPath  is [[configuration][springProfile][root][appender-ref]]
ERROR in ch.qos.logback.core.joran.spi.Interpreter@191:45 - no applicable action for [appender-ref], current ElementPath  is [[configuration][springProfile][root][appender-ref]]
ERROR in ch.qos.logback.core.joran.spi.Interpreter@192:46 - no applicable action for [appender-ref], current ElementPath  is [[configuration][springProfile][root][appender-ref]]
ERROR in ch.qos.logback.core.joran.spi.Interpreter@193:45 - no applicable action for [appender-ref], current ElementPath  is [[configuration][springProfile][root][appender-ref]]
ERROR in ch.qos.logback.core.joran.spi.Interpreter@198:32 - no applicable action for [springProfile], current ElementPath  is [[configuration][springProfile]]
ERROR in ch.qos.logback.core.joran.spi.Interpreter@199:28 - no applicable action for [root], current ElementPath  is [[configuration][springProfile][root]]
ERROR in ch.qos.logback.core.joran.spi.Interpreter@200:43 - no applicable action for [appender-ref], current ElementPath  is [[configuration][springProfile][root][appender-ref]]
ERROR in ch.qos.logback.core.joran.spi.Interpreter@201:45 - no applicable action for [appender-ref], current ElementPath  is [[configuration][springProfile][root][appender-ref]]
ERROR in ch.qos.logback.core.joran.spi.Interpreter@202:46 - no applicable action for [appender-ref], current ElementPath  is [[configuration][springProfile][root][appender-ref]]
ERROR in ch.qos.logback.core.joran.spi.Interpreter@203:45 - no applicable action for [appender-ref], current ElementPath  is [[configuration][springProfile][root][appender-ref]]
	at org.springframework.boot.logging.logback.LogbackLoggingSystem.loadConfiguration(LogbackLoggingSystem.java:179)
	at org.springframework.boot.logging.AbstractLoggingSystem.initializeWithSpecificConfig(AbstractLoggingSystem.java:66)
	at org.springframework.boot.logging.AbstractLoggingSystem.initialize(AbstractLoggingSystem.java:57)
	at org.springframework.boot.logging.logback.LogbackLoggingSystem.initialize(LogbackLoggingSystem.java:132)
	at org.springframework.boot.context.logging.LoggingApplicationListener.initializeSystem(LoggingApplicationListener.java:316)
	... 23 common frames omitted
